-------------------------------------------------------------------------
2011-05-31 20:36:51,671 [1] ERROR TrimFuel.Business.BaseService [(null)] - TrimFuel.Business.GeneralShipperService
System.Exception: Shipper(2) is not implemented
   at TrimFuel.Business.GeneralShipperService.SendSale(Int64 saleID) in D:\Projects\TrimFuel\TrimFuel\TrimFuel.Business\GeneralShipperService.cs:line 46
-------------------------------------------------------------------------
2011-05-31 21:11:33,890 [5] ERROR TrimFuel.Business.BaseService [(null)] - TrimFuel.Business.ABFService
System.Exception: Can't find Inventories for ProductCode(ABF-0000-1), Sale(65660)
   at TrimFuel.Business.ABFService.SendShippingOrder(Registration r, Billing b, IList`1 saleList) in D:\Projects\TrimFuel\TrimFuel\TrimFuel.Business\ABFService.cs:line 94
-------------------------------------------------------------------------
2011-05-31 21:11:33,953 [1] ERROR TrimFuel.Business.BaseService [(null)] - TrimFuel.Business.ABFService
System.Exception: Can't find Inventories for ProductCode(ABF-0000-1), Sale(65665)
   at TrimFuel.Business.ABFService.SendShippingOrder(Registration r, Billing b, IList`1 saleList) in D:\Projects\TrimFuel\TrimFuel\TrimFuel.Business\ABFService.cs:line 94
-------------------------------------------------------------------------
2011-05-31 21:11:33,984 [5] ERROR TrimFuel.Business.BaseService [(null)] - TrimFuel.Business.ABFService
System.Exception: Can't find Inventories for ProductCode(ABF-0000-1), Sale(65663)
   at TrimFuel.Business.ABFService.SendShippingOrder(Registration r, Billing b, IList`1 saleList) in D:\Projects\TrimFuel\TrimFuel\TrimFuel.Business\ABFService.cs:line 94
-------------------------------------------------------------------------
2011-05-31 21:12:27,750 [5] ERROR TrimFuel.Business.BaseService [(null)] - TrimFuel.Business.ABFService
System.Exception: Can't find Inventories for ProductCode(ABF-0000-1), Sale(65660)
   at TrimFuel.Business.ABFService.SendShippingOrder(Registration r, Billing b, IList`1 saleList) in D:\Projects\TrimFuel\TrimFuel\TrimFuel.Business\ABFService.cs:line 94
-------------------------------------------------------------------------
2011-05-31 21:12:27,812 [5] ERROR TrimFuel.Business.BaseService [(null)] - TrimFuel.Business.ABFService
System.Exception: Can't find Inventories for ProductCode(ABF-0000-1), Sale(65665)
   at TrimFuel.Business.ABFService.SendShippingOrder(Registration r, Billing b, IList`1 saleList) in D:\Projects\TrimFuel\TrimFuel\TrimFuel.Business\ABFService.cs:line 94
-------------------------------------------------------------------------
2011-05-31 21:12:27,859 [5] ERROR TrimFuel.Business.BaseService [(null)] - TrimFuel.Business.ABFService
System.Exception: Can't find Inventories for ProductCode(ABF-0000-1), Sale(65663)
   at TrimFuel.Business.ABFService.SendShippingOrder(Registration r, Billing b, IList`1 saleList) in D:\Projects\TrimFuel\TrimFuel\TrimFuel.Business\ABFService.cs:line 94
-------------------------------------------------------------------------
2011-06-02 11:42:20,953 [1] ERROR TrimFuel.Business.BaseService [(null)] - TrimFuel.Business.GeneralShipperService
System.NotImplementedException: The method or operation is not implemented.
   at TrimFuel.Business.KeymailService.CheckShipmentsState() in D:\Projects\TrimFuel\TrimFuel\TrimFuel.Business\KeymailService.cs:line 116
   at TrimFuel.Business.GeneralShipperService.CheckShipmentsState() in D:\Projects\TrimFuel\TrimFuel\TrimFuel.Business\GeneralShipperService.cs:line 36
-------------------------------------------------------------------------
2011-06-02 11:45:14,578 [5] ERROR TrimFuel.Business.BaseService [(null)] - TrimFuel.Business.GeneralShipperService
System.NotImplementedException: The method or operation is not implemented.
   at TrimFuel.Business.KeymailService.CheckShipmentsState() in D:\Projects\TrimFuel\TrimFuel\TrimFuel.Business\KeymailService.cs:line 116
   at TrimFuel.Business.GeneralShipperService.CheckShipmentsState() in D:\Projects\TrimFuel\TrimFuel\TrimFuel.Business\GeneralShipperService.cs:line 36
-------------------------------------------------------------------------
2011-06-02 11:45:33,046 [5] ERROR TrimFuel.Business.BaseService [(null)] - TrimFuel.Business.GeneralShipperService
System.NotImplementedException: The method or operation is not implemented.
   at TrimFuel.Business.KeymailService.CheckShipmentsState() in D:\Projects\TrimFuel\TrimFuel\TrimFuel.Business\KeymailService.cs:line 116
   at TrimFuel.Business.GeneralShipperService.CheckShipmentsState() in D:\Projects\TrimFuel\TrimFuel\TrimFuel.Business\GeneralShipperService.cs:line 36
-------------------------------------------------------------------------
2011-06-02 11:50:26,312 [1] ERROR TrimFuel.Business.BaseService [(null)] - TrimFuel.Business.AtLastFulfillmentService
System.InvalidOperationException: There is an error in XML document (2, 3). ---> System.Xml.XmlException: Unexpected XML declaration. The XML declaration must be the first node in the document, and no white space characters are allowed to appear before it. Line 2, position 3.
   at System.Xml.XmlTextReaderImpl.Throw(Exception e)
   at System.Xml.XmlTextReaderImpl.Throw(String res, String arg)
   at System.Xml.XmlTextReaderImpl.ParsePI(BufferBuilder piInDtdStringBuilder)
   at System.Xml.XmlTextReaderImpl.ParseDocumentContent()
   at System.Xml.XmlTextReaderImpl.Read()
   at System.Xml.XmlTextReader.Read()
   at System.Xml.XmlReader.MoveToContent()
   at Microsoft.Xml.Serialization.GeneratedAssembly.XmlSerializationReaderShipments.Read4_Shipments()
   --- End of inner exception stack trace ---
   at System.Xml.Serialization.XmlSerializer.Deserialize(XmlReader xmlReader, String encodingStyle, XmlDeserializationEvents events)
   at System.Xml.Serialization.XmlSerializer.Deserialize(TextReader textReader)
   at TrimFuel.Business.Gateways.AtLastFulfillment.AtLastFulfillmentGateway.CheckTrackingNumber(Int64 regID) in D:\Projects\TrimFuel\TrimFuel\TrimFuel.Business\Gateways\AtLastFulfillment\AtLastFulfillmentGateway.cs:line 123
   at TrimFuel.Business.AtLastFulfillmentService.CheckShipmentsState() in D:\Projects\TrimFuel\TrimFuel\TrimFuel.Business\AtLastFulfillmentService.cs:line 137
-------------------------------------------------------------------------
2011-06-02 11:50:26,406 [1] ERROR TrimFuel.Business.BaseService [(null)] - TrimFuel.Business.GeneralShipperService
System.NotImplementedException: The method or operation is not implemented.
   at TrimFuel.Business.KeymailService.CheckShipmentsState() in D:\Projects\TrimFuel\TrimFuel\TrimFuel.Business\KeymailService.cs:line 116
   at TrimFuel.Business.GeneralShipperService.CheckShipmentsState() in D:\Projects\TrimFuel\TrimFuel\TrimFuel.Business\GeneralShipperService.cs:line 36
-------------------------------------------------------------------------
2011-06-02 11:51:14,187 [1] ERROR TrimFuel.Business.BaseService [(null)] - TrimFuel.Business.GeneralShipperService
System.NotImplementedException: The method or operation is not implemented.
   at TrimFuel.Business.KeymailService.CheckShipmentsState() in D:\Projects\TrimFuel\TrimFuel\TrimFuel.Business\KeymailService.cs:line 116
   at TrimFuel.Business.GeneralShipperService.CheckShipmentsState() in D:\Projects\TrimFuel\TrimFuel\TrimFuel.Business\GeneralShipperService.cs:line 36
-------------------------------------------------------------------------
2011-07-08 23:08:45,140 [7] ERROR TrimFuel.Business.BaseService [(null)] - TrimFuel.Business.GoFulfillmentService
MySql.Data.MySqlClient.MySqlException: You have an error in your SQL syntax; check the manual that corresponds to your MySQL server version for the right syntax to use near 'nullunion select 1 as Value from NPFRecord where SaleID = 65692 and RegID is not' at line 1
   at MySql.Data.MySqlClient.MySqlStream.ReadPacket()
   at MySql.Data.MySqlClient.NativeDriver.GetResult(Int32& affectedRow, Int32& insertedId)
   at MySql.Data.MySqlClient.Driver.GetResult(Int32 statementId, Int32& affectedRows, Int32& insertedId)
   at MySql.Data.MySqlClient.Driver.NextResult(Int32 statementId)
   at MySql.Data.MySqlClient.MySqlDataReader.NextResult()
   at MySql.Data.MySqlClient.MySqlCommand.ExecuteReader(CommandBehavior behavior)
   at MySql.Data.MySqlClient.MySqlCommand.ExecuteDbDataReader(CommandBehavior behavior)
   at System.Data.Common.DbCommand.System.Data.IDbCommand.ExecuteReader(CommandBehavior behavior)
   at System.Data.Common.DbDataAdapter.FillInternal(DataSet dataset, DataTable[] datatables, Int32 startRecord, Int32 maxRecords, String srcTable, IDbCommand command, CommandBehavior behavior)
   at System.Data.Common.DbDataAdapter.Fill(DataTable[] dataTables, Int32 startRecord, Int32 maxRecords, IDbCommand command, CommandBehavior behavior)
   at System.Data.Common.DbDataAdapter.Fill(DataTable dataTable)
   at TrimFuel.Business.Dao.EntityDataProviders.EntityDataProvider`1.Load(MySqlCommand selectCommand) in D:\Projects\TrimFuel\TrimFuel\TrimFuel.Business\Dao\EntityDataProviders\EntityDataProvider.cs:line 24
   at TrimFuel.Business.Dao.MySqlDao.Load[TEntity](MySqlCommand selectCommand) in D:\Projects\TrimFuel\TrimFuel\TrimFuel.Business\Dao\MySqlDao.cs:line 54
   at TrimFuel.Business.ShipperService.IsSaleSent(Int64 saleID) in D:\Projects\TrimFuel\TrimFuel\TrimFuel.Business\ShipperService.cs:line 228
-------------------------------------------------------------------------
2011-07-08 23:12:07,125 [6] ERROR TrimFuel.Business.BaseService [(null)] - TrimFuel.Business.GoFulfillmentService
MySql.Data.MySqlClient.MySqlException: You have an error in your SQL syntax; check the manual that corresponds to your MySQL server version for the right syntax to use near 'nullunion select 1 as Value from NPFRecord where SaleID = 65692 and RegID is not' at line 1
   at MySql.Data.MySqlClient.MySqlStream.ReadPacket()
   at MySql.Data.MySqlClient.NativeDriver.GetResult(Int32& affectedRow, Int32& insertedId)
   at MySql.Data.MySqlClient.Driver.GetResult(Int32 statementId, Int32& affectedRows, Int32& insertedId)
   at MySql.Data.MySqlClient.Driver.NextResult(Int32 statementId)
   at MySql.Data.MySqlClient.MySqlDataReader.NextResult()
   at MySql.Data.MySqlClient.MySqlCommand.ExecuteReader(CommandBehavior behavior)
   at MySql.Data.MySqlClient.MySqlCommand.ExecuteDbDataReader(CommandBehavior behavior)
   at System.Data.Common.DbCommand.System.Data.IDbCommand.ExecuteReader(CommandBehavior behavior)
   at System.Data.Common.DbDataAdapter.FillInternal(DataSet dataset, DataTable[] datatables, Int32 startRecord, Int32 maxRecords, String srcTable, IDbCommand command, CommandBehavior behavior)
   at System.Data.Common.DbDataAdapter.Fill(DataTable[] dataTables, Int32 startRecord, Int32 maxRecords, IDbCommand command, CommandBehavior behavior)
   at System.Data.Common.DbDataAdapter.Fill(DataTable dataTable)
   at TrimFuel.Business.Dao.EntityDataProviders.EntityDataProvider`1.Load(MySqlCommand selectCommand) in D:\Projects\TrimFuel\TrimFuel\TrimFuel.Business\Dao\EntityDataProviders\EntityDataProvider.cs:line 24
   at TrimFuel.Business.Dao.MySqlDao.Load[TEntity](MySqlCommand selectCommand) in D:\Projects\TrimFuel\TrimFuel\TrimFuel.Business\Dao\MySqlDao.cs:line 54
   at TrimFuel.Business.ShipperService.IsSaleSent(Int64 saleID) in D:\Projects\TrimFuel\TrimFuel\TrimFuel.Business\ShipperService.cs:line 228
-------------------------------------------------------------------------
2011-07-08 23:23:31,562 [7] ERROR TrimFuel.Business.BaseService [(null)] - TrimFuel.Business.GoFulfillmentService
System.Net.WebException: Could not find file 'C:\time'. ---> System.Net.WebException: Could not find file 'C:\time'. ---> System.IO.FileNotFoundException: Could not find file 'C:\time'.
File name: 'C:\time'
   at System.IO.__Error.WinIOError(Int32 errorCode, String maybeFullPath)
   at System.IO.FileStream.Init(String path, FileMode mode, FileAccess access, Int32 rights, Boolean useRights, FileShare share, Int32 bufferSize, FileOptions options, SECURITY_ATTRIBUTES secAttrs, String msgPath, Boolean bFromProxy)
   at System.IO.FileStream..ctor(String path, FileMode mode, FileAccess access, FileShare share, Int32 bufferSize, FileOptions options, String msgPath, Boolean bFromProxy)
   at System.Net.FileWebStream..ctor(FileWebRequest request, String path, FileMode mode, FileAccess access, FileShare sharing, Int32 length, Boolean async)
   at System.Net.FileWebResponse..ctor(FileWebRequest request, Uri uri, FileAccess access, Boolean asyncHint)
   --- End of inner exception stack trace ---
   at System.Net.FileWebResponse..ctor(FileWebRequest request, Uri uri, FileAccess access, Boolean asyncHint)
   at System.Net.FileWebRequest.GetResponseCallback(Object state)
   --- End of inner exception stack trace ---
   at System.Net.WebClient.DownloadDataInternal(Uri address, WebRequest& request)
   at System.Net.WebClient.DownloadData(Uri address)
   at System.Net.WebClient.DownloadData(String address)
   at TrimFuel.Business.Gateways.GoFulfillmentGateway.GoFulfillmentGateway.GetTimeStamp() in D:\Projects\TrimFuel\TrimFuel\TrimFuel.Business\Gateways\GoFulfillmentGateway\GoFulfillmentGateway.cs:line 112
   at TrimFuel.Business.Gateways.GoFulfillmentGateway.GoFulfillmentGateway.PostShipment(Int64 saleID, Registration registration, String country, IList`1 inventories, String& request, String& response) in D:\Projects\TrimFuel\TrimFuel\TrimFuel.Business\Gateways\GoFulfillmentGateway\GoFulfillmentGateway.cs:line 32
   at TrimFuel.Business.GoFulfillmentService.SendShippingOrder(Registration r, Billing b, IList`1 saleList) in D:\Projects\TrimFuel\TrimFuel\TrimFuel.Business\GoFulfillmentService.cs:line 54
-------------------------------------------------------------------------
2011-07-08 23:26:04,734 [5] ERROR TrimFuel.Business.BaseService [(null)] - TrimFuel.Business.GoFulfillmentService
System.Net.WebException: The remote server returned an error: (404) Not Found.
   at System.Net.WebClient.UploadDataInternal(Uri address, String method, Byte[] data, WebRequest& request)
   at System.Net.WebClient.UploadString(Uri address, String method, String data)
   at System.Net.WebClient.UploadString(String address, String method, String data)
   at TrimFuel.Business.Gateways.GoFulfillmentGateway.GoFulfillmentGateway.GetResponse(String request, String timestamp, String authority) in D:\Projects\TrimFuel\TrimFuel\TrimFuel.Business\Gateways\GoFulfillmentGateway\GoFulfillmentGateway.cs:line 27
   at TrimFuel.Business.Gateways.GoFulfillmentGateway.GoFulfillmentGateway.PostShipment(Int64 saleID, Registration registration, String country, IList`1 inventories, String& request, String& response) in D:\Projects\TrimFuel\TrimFuel\TrimFuel.Business\Gateways\GoFulfillmentGateway\GoFulfillmentGateway.cs:line 78
   at TrimFuel.Business.GoFulfillmentService.SendShippingOrder(Registration r, Billing b, IList`1 saleList) in D:\Projects\TrimFuel\TrimFuel\TrimFuel.Business\GoFulfillmentService.cs:line 54
-------------------------------------------------------------------------
2011-07-09 00:35:59,937 [4] ERROR TrimFuel.Business.BaseService [(null)] - TrimFuel.Business.NPFService
System.Exception: Sale(65694) already exists in Pending NPF Orders
   at TrimFuel.Business.NPFService.SendShippingOrder(Registration r, Billing b, IList`1 saleList) in D:\Projects\TrimFuel\TrimFuel\TrimFuel.Business\NPFService.cs:line 56
-------------------------------------------------------------------------
2011-07-09 01:01:19,812 [7] ERROR TrimFuel.Business.BaseService [(null)] - TrimFuel.Business.NPFService
System.Net.WebException: The remote server returned an error: (530) Not logged in.
   at System.Net.FtpWebRequest.SyncRequestCallback(Object obj)
   at System.Net.FtpWebRequest.RequestCallback(Object obj)
   at System.Net.CommandStream.InvokeRequestCallback(Object obj)
   at System.Net.CommandStream.Abort(Exception e)
   at System.Net.FtpWebRequest.FinishRequestStage(RequestStage stage)
   at System.Net.FtpWebRequest.GetRequestStream()
   at TrimFuel.Business.Gateways.NPFGateway.NPFGateway.PostShipments(String content) in D:\Projects\TrimFuel\TrimFuel\TrimFuel.Business\Gateways\NPFGateway\NPFGateway.cs:line 51
   at TrimFuel.Business.NPFService.SendPendingOrders() in D:\Projects\TrimFuel\TrimFuel\TrimFuel.Business\NPFService.cs:line 163
-------------------------------------------------------------------------
2011-07-09 01:05:00,531 [7] ERROR TrimFuel.Business.BaseService [(null)] - TrimFuel.Business.NPFService
System.Net.WebException: The remote server returned an error: (530) Not logged in.
   at System.Net.FtpWebRequest.SyncRequestCallback(Object obj)
   at System.Net.FtpWebRequest.RequestCallback(Object obj)
   at System.Net.CommandStream.InvokeRequestCallback(Object obj)
   at System.Net.CommandStream.Abort(Exception e)
   at System.Net.FtpWebRequest.FinishRequestStage(RequestStage stage)
   at System.Net.FtpWebRequest.GetRequestStream()
   at TrimFuel.Business.Gateways.NPFGateway.NPFGateway.PostShipments(String content) in D:\Projects\TrimFuel\TrimFuel\TrimFuel.Business\Gateways\NPFGateway\NPFGateway.cs:line 51
   at TrimFuel.Business.NPFService.SendPendingOrders() in D:\Projects\TrimFuel\TrimFuel\TrimFuel.Business\NPFService.cs:line 163
-------------------------------------------------------------------------
2011-07-09 01:09:22,812 [7] ERROR TrimFuel.Business.BaseService [(null)] - TrimFuel.Business.NPFService
System.Net.WebException: The remote server returned an error: (530) Not logged in.
   at System.Net.FtpWebRequest.SyncRequestCallback(Object obj)
   at System.Net.FtpWebRequest.RequestCallback(Object obj)
   at System.Net.CommandStream.InvokeRequestCallback(Object obj)
   at System.Net.CommandStream.Abort(Exception e)
   at System.Net.FtpWebRequest.FinishRequestStage(RequestStage stage)
   at System.Net.FtpWebRequest.GetRequestStream()
   at TrimFuel.Business.Gateways.NPFGateway.NPFGateway.PostShipments(String content) in D:\Projects\TrimFuel\TrimFuel\TrimFuel.Business\Gateways\NPFGateway\NPFGateway.cs:line 51
   at TrimFuel.Business.NPFService.SendPendingOrders() in D:\Projects\TrimFuel\TrimFuel\TrimFuel.Business\NPFService.cs:line 163
-------------------------------------------------------------------------
2011-07-18 19:47:04,187 [4] ERROR TrimFuel.Business.BaseService [(null)] - TrimFuel.Business.GeneralShipperService
System.Exception: Can not find EntityDataProvider for ShortShipmentView
   at TrimFuel.Business.Dao.EntityDataProviders.EntityDataProvider`1.CreateProvider() in D:\Projects\TrimFuel\TrimFuel\TrimFuel.Business\Dao\EntityDataProviders\EntityDataProvider.cs:line 34
   at TrimFuel.Business.Dao.MySqlDao.Load[TEntity](MySqlCommand selectCommand) in D:\Projects\TrimFuel\TrimFuel\TrimFuel.Business\Dao\MySqlDao.cs:line 54
   at TrimFuel.Business.ShipperService.GetRegIDBySale(Int64 saleID, Nullable`1& shipperServiceID) in D:\Projects\TrimFuel\TrimFuel\TrimFuel.Business\ShipperService.cs:line 646
-------------------------------------------------------------------------
2011-07-18 19:47:44,515 [8] ERROR TrimFuel.Business.BaseService [(null)] - TrimFuel.Business.GeneralShipperService
System.Exception: Can not find EntityDataProvider for ShortShipmentView
   at TrimFuel.Business.Dao.EntityDataProviders.EntityDataProvider`1.CreateProvider() in D:\Projects\TrimFuel\TrimFuel\TrimFuel.Business\Dao\EntityDataProviders\EntityDataProvider.cs:line 34
   at TrimFuel.Business.Dao.MySqlDao.Load[TEntity](MySqlCommand selectCommand) in D:\Projects\TrimFuel\TrimFuel\TrimFuel.Business\Dao\MySqlDao.cs:line 54
   at TrimFuel.Business.ShipperService.GetRegIDBySale(Int64 saleID, Nullable`1& shipperServiceID) in D:\Projects\TrimFuel\TrimFuel\TrimFuel.Business\ShipperService.cs:line 646
-------------------------------------------------------------------------
2011-07-18 19:50:27,250 [8] ERROR TrimFuel.Business.BaseService [(null)] - TrimFuel.Business.GeneralShipperService
MySql.Data.MySqlClient.MySqlException: You have an error in your SQL syntax; check the manual that corresponds to your MySQL server version for the right syntax to use near 'unionselect RegID 'RegID', 2 'ShipperID' from TSNRecord where (RegID is not null' at line 1
   at MySql.Data.MySqlClient.MySqlStream.ReadPacket()
   at MySql.Data.MySqlClient.NativeDriver.GetResult(Int32& affectedRow, Int32& insertedId)
   at MySql.Data.MySqlClient.Driver.GetResult(Int32 statementId, Int32& affectedRows, Int32& insertedId)
   at MySql.Data.MySqlClient.Driver.NextResult(Int32 statementId)
   at MySql.Data.MySqlClient.MySqlDataReader.NextResult()
   at MySql.Data.MySqlClient.MySqlCommand.ExecuteReader(CommandBehavior behavior)
   at MySql.Data.MySqlClient.MySqlCommand.ExecuteDbDataReader(CommandBehavior behavior)
   at System.Data.Common.DbCommand.System.Data.IDbCommand.ExecuteReader(CommandBehavior behavior)
   at System.Data.Common.DbDataAdapter.FillInternal(DataSet dataset, DataTable[] datatables, Int32 startRecord, Int32 maxRecords, String srcTable, IDbCommand command, CommandBehavior behavior)
   at System.Data.Common.DbDataAdapter.Fill(DataTable[] dataTables, Int32 startRecord, Int32 maxRecords, IDbCommand command, CommandBehavior behavior)
   at System.Data.Common.DbDataAdapter.Fill(DataTable dataTable)
   at TrimFuel.Business.Dao.EntityDataProviders.EntityDataProvider`1.Load(MySqlCommand selectCommand) in D:\Projects\TrimFuel\TrimFuel\TrimFuel.Business\Dao\EntityDataProviders\EntityDataProvider.cs:line 24
   at TrimFuel.Business.Dao.MySqlDao.Load[TEntity](MySqlCommand selectCommand) in D:\Projects\TrimFuel\TrimFuel\TrimFuel.Business\Dao\MySqlDao.cs:line 54
   at TrimFuel.Business.ShipperService.GetRegIDBySale(Int64 saleID, Nullable`1& shipperServiceID) in D:\Projects\TrimFuel\TrimFuel\TrimFuel.Business\ShipperService.cs:line 646
-------------------------------------------------------------------------
2011-07-25 14:10:51,609 [4] ERROR TrimFuel.Business.BaseService [(null)] - TrimFuel.Business.ReturnSaleService
System.Exception: Can not find EntityDataProvider for ReturnedSale
   at TrimFuel.Business.Dao.EntityDataProviders.EntityDataProvider`1.CreateProvider() in D:\Projects\TrimFuel\TrimFuel\TrimFuel.Business\Dao\EntityDataProviders\EntityDataProvider.cs:line 34
   at TrimFuel.Business.Dao.MySqlDao.Load[TEntity](MySqlCommand selectCommand) in D:\Projects\TrimFuel\TrimFuel\TrimFuel.Business\Dao\MySqlDao.cs:line 54
   at TrimFuel.Business.ReturnSaleService.IsSaleReturned(Int64 saleID) in D:\Projects\TrimFuel\TrimFuel\TrimFuel.Business\ReturnSaleService.cs:line 80
-------------------------------------------------------------------------
2011-07-25 14:10:59,859 [4] ERROR TrimFuel.Business.BaseService [(null)] - TrimFuel.Business.ReturnSaleService
System.InvalidOperationException: Nullable object must have a value.
   at System.ThrowHelper.ThrowInvalidOperationException(ExceptionResource resource)
   at System.Nullable`1.get_Value()
   at TrimFuel.Business.ReturnSaleService.ReturnSale(Int64 saleID, String reason, Int32 adminID) in D:\Projects\TrimFuel\TrimFuel\TrimFuel.Business\ReturnSaleService.cs:line 17
-------------------------------------------------------------------------
2011-07-25 14:12:14,421 [8] ERROR TrimFuel.Business.BaseService [(null)] - TrimFuel.Business.ReturnSaleService
System.Exception: Can not find EntityDataProvider for ReturnedSale
   at TrimFuel.Business.Dao.EntityDataProviders.EntityDataProvider`1.CreateProvider() in D:\Projects\TrimFuel\TrimFuel\TrimFuel.Business\Dao\EntityDataProviders\EntityDataProvider.cs:line 34
   at TrimFuel.Business.Dao.MySqlDao.Load[TEntity](MySqlCommand selectCommand) in D:\Projects\TrimFuel\TrimFuel\TrimFuel.Business\Dao\MySqlDao.cs:line 54
   at TrimFuel.Business.ReturnSaleService.IsSaleReturned(Int64 saleID) in D:\Projects\TrimFuel\TrimFuel\TrimFuel.Business\ReturnSaleService.cs:line 80
-------------------------------------------------------------------------
2011-07-25 14:12:22,218 [8] ERROR TrimFuel.Business.BaseService [(null)] - TrimFuel.Business.ReturnSaleService
System.InvalidOperationException: Nullable object must have a value.
   at System.ThrowHelper.ThrowInvalidOperationException(ExceptionResource resource)
   at System.Nullable`1.get_Value()
   at TrimFuel.Business.ReturnSaleService.ReturnSale(Int64 saleID, String reason, Int32 adminID) in D:\Projects\TrimFuel\TrimFuel\TrimFuel.Business\ReturnSaleService.cs:line 17
-------------------------------------------------------------------------
2011-07-25 14:12:28,578 [8] ERROR TrimFuel.Business.BaseService [(null)] - TrimFuel.Business.ReturnSaleService
System.Exception: Can not find EntityDataProvider for ReturnedSale
   at TrimFuel.Business.Dao.EntityDataProviders.EntityDataProvider`1.CreateProvider() in D:\Projects\TrimFuel\TrimFuel\TrimFuel.Business\Dao\EntityDataProviders\EntityDataProvider.cs:line 34
   at TrimFuel.Business.Dao.MySqlDao.Load[TEntity](MySqlCommand selectCommand) in D:\Projects\TrimFuel\TrimFuel\TrimFuel.Business\Dao\MySqlDao.cs:line 54
   at TrimFuel.Business.ReturnSaleService.IsSaleReturned(Int64 saleID) in D:\Projects\TrimFuel\TrimFuel\TrimFuel.Business\ReturnSaleService.cs:line 80
-------------------------------------------------------------------------
2011-07-25 14:12:29,718 [8] ERROR TrimFuel.Business.BaseService [(null)] - TrimFuel.Business.ReturnSaleService
System.InvalidOperationException: Nullable object must have a value.
   at System.ThrowHelper.ThrowInvalidOperationException(ExceptionResource resource)
   at System.Nullable`1.get_Value()
   at TrimFuel.Business.ReturnSaleService.ReturnSale(Int64 saleID, String reason, Int32 adminID) in D:\Projects\TrimFuel\TrimFuel\TrimFuel.Business\ReturnSaleService.cs:line 17
-------------------------------------------------------------------------
2011-07-25 14:12:44,468 [4] ERROR TrimFuel.Business.BaseService [(null)] - TrimFuel.Business.ReturnSaleService
System.Exception: Can not find EntityDataProvider for ReturnedSale
   at TrimFuel.Business.Dao.EntityDataProviders.EntityDataProvider`1.CreateProvider() in D:\Projects\TrimFuel\TrimFuel\TrimFuel.Business\Dao\EntityDataProviders\EntityDataProvider.cs:line 34
   at TrimFuel.Business.Dao.MySqlDao.Load[TEntity](MySqlCommand selectCommand) in D:\Projects\TrimFuel\TrimFuel\TrimFuel.Business\Dao\MySqlDao.cs:line 54
   at TrimFuel.Business.ReturnSaleService.IsSaleReturned(Int64 saleID) in D:\Projects\TrimFuel\TrimFuel\TrimFuel.Business\ReturnSaleService.cs:line 80
-------------------------------------------------------------------------
2011-07-25 14:12:44,468 [4] ERROR TrimFuel.Business.BaseService [(null)] - TrimFuel.Business.ReturnSaleService
System.InvalidOperationException: Nullable object must have a value.
   at System.ThrowHelper.ThrowInvalidOperationException(ExceptionResource resource)
   at System.Nullable`1.get_Value()
   at TrimFuel.Business.ReturnSaleService.ReturnSale(Int64 saleID, String reason, Int32 adminID) in D:\Projects\TrimFuel\TrimFuel\TrimFuel.Business\ReturnSaleService.cs:line 17
-------------------------------------------------------------------------
2011-07-25 14:16:52,406 [4] ERROR TrimFuel.Business.BaseService [(null)] - TrimFuel.Business.ReturnSaleService
System.Exception: Can not find EntityDataProvider for ReturnedSale
   at TrimFuel.Business.Dao.EntityDataProviders.EntityDataProvider`1.CreateProvider() in D:\Projects\TrimFuel\TrimFuel\TrimFuel.Business\Dao\EntityDataProviders\EntityDataProvider.cs:line 34
   at TrimFuel.Business.Dao.MySqlDao.Load[TEntity](MySqlCommand selectCommand) in D:\Projects\TrimFuel\TrimFuel\TrimFuel.Business\Dao\MySqlDao.cs:line 54
   at TrimFuel.Business.ReturnSaleService.IsSaleReturned(Int64 saleID) in D:\Projects\TrimFuel\TrimFuel\TrimFuel.Business\ReturnSaleService.cs:line 80
-------------------------------------------------------------------------
2011-07-25 14:16:52,406 [4] ERROR TrimFuel.Business.BaseService [(null)] - TrimFuel.Business.ReturnSaleService
System.InvalidOperationException: Nullable object must have a value.
   at System.ThrowHelper.ThrowInvalidOperationException(ExceptionResource resource)
   at System.Nullable`1.get_Value()
   at TrimFuel.Business.ReturnSaleService.ReturnSale(Int64 saleID, String reason, Int32 adminID) in D:\Projects\TrimFuel\TrimFuel\TrimFuel.Business\ReturnSaleService.cs:line 17
-------------------------------------------------------------------------
2011-07-25 14:24:51,625 [4] ERROR TrimFuel.Business.BaseService [(null)] - TrimFuel.Business.ReturnSaleService
System.Exception: Can not find EntityDataProvider for ReturnedSale
   at TrimFuel.Business.Dao.EntityDataProviders.EntityDataProvider`1.CreateProvider() in D:\Projects\TrimFuel\TrimFuel\TrimFuel.Business\Dao\EntityDataProviders\EntityDataProvider.cs:line 34
   at TrimFuel.Business.Dao.MySqlDao.Save[TEntity](TEntity entity) in D:\Projects\TrimFuel\TrimFuel\TrimFuel.Business\Dao\MySqlDao.cs:line 30
   at TrimFuel.Business.ReturnSaleService.CreateReturnSale(Int64 saleID, Int64 billingID, String reason, Int32 adminID) in D:\Projects\TrimFuel\TrimFuel\TrimFuel.Business\ReturnSaleService.cs:line 52
-------------------------------------------------------------------------
2011-07-25 14:28:55,921 [9] ERROR TrimFuel.Business.BaseService [(null)] - TrimFuel.Business.ReturnSaleService
System.ArgumentException: Column 'ReturnProcessingActionID' does not belong to table .
   at System.Data.DataRow.GetDataColumn(String columnName)
   at System.Data.DataRow.get_Item(String columnName)
   at TrimFuel.Business.Dao.EntityDataProviders.Views.ReturnedSaleViewDataProvider.Load(DataRow row) in D:\Projects\TrimFuel\TrimFuel\TrimFuel.Business\Dao\EntityDataProviders\Views\ReturnedSaleViewDataProvider.cs:line 17
   at TrimFuel.Business.Dao.EntityDataProviders.EntityDataProvider`1.<Load>b__0(DataRow row) in D:\Projects\TrimFuel\TrimFuel\TrimFuel.Business\Dao\EntityDataProviders\EntityDataProvider.cs:line 27
   at System.Linq.Enumerable.WhereSelectEnumerableIterator`2.MoveNext()
   at System.Collections.Generic.List`1..ctor(IEnumerable`1 collection)
   at System.Linq.Enumerable.ToList[TSource](IEnumerable`1 source)
   at TrimFuel.Business.Dao.EntityDataProviders.EntityDataProvider`1.Load(MySqlCommand selectCommand) in D:\Projects\TrimFuel\TrimFuel\TrimFuel.Business\Dao\EntityDataProviders\EntityDataProvider.cs:line 26
   at TrimFuel.Business.Dao.MySqlDao.Load[TEntity](MySqlCommand selectCommand) in D:\Projects\TrimFuel\TrimFuel\TrimFuel.Business\Dao\MySqlDao.cs:line 54
   at TrimFuel.Business.ReturnSaleService.IsSaleReturned(Int64 saleID) in D:\Projects\TrimFuel\TrimFuel\TrimFuel.Business\ReturnSaleService.cs:line 80
-------------------------------------------------------------------------
2011-07-25 14:29:00,250 [9] ERROR TrimFuel.Business.BaseService [(null)] - TrimFuel.Business.ReturnSaleService
System.InvalidOperationException: Nullable object must have a value.
   at System.ThrowHelper.ThrowInvalidOperationException(ExceptionResource resource)
   at System.Nullable`1.get_Value()
   at TrimFuel.Business.ReturnSaleService.ReturnSale(Int64 saleID, String reason, Int32 adminID) in D:\Projects\TrimFuel\TrimFuel\TrimFuel.Business\ReturnSaleService.cs:line 17
-------------------------------------------------------------------------
2011-07-25 14:29:11,750 [9] ERROR TrimFuel.Business.BaseService [(null)] - TrimFuel.Business.ReturnSaleService
System.ArgumentException: Column 'ReturnProcessingActionID' does not belong to table .
   at System.Data.DataRow.GetDataColumn(String columnName)
   at System.Data.DataRow.get_Item(String columnName)
   at TrimFuel.Business.Dao.EntityDataProviders.Views.ReturnedSaleViewDataProvider.Load(DataRow row) in D:\Projects\TrimFuel\TrimFuel\TrimFuel.Business\Dao\EntityDataProviders\Views\ReturnedSaleViewDataProvider.cs:line 17
   at TrimFuel.Business.Dao.EntityDataProviders.EntityDataProvider`1.<Load>b__0(DataRow row) in D:\Projects\TrimFuel\TrimFuel\TrimFuel.Business\Dao\EntityDataProviders\EntityDataProvider.cs:line 27
   at System.Linq.Enumerable.WhereSelectEnumerableIterator`2.MoveNext()
   at System.Collections.Generic.List`1..ctor(IEnumerable`1 collection)
   at System.Linq.Enumerable.ToList[TSource](IEnumerable`1 source)
   at TrimFuel.Business.Dao.EntityDataProviders.EntityDataProvider`1.Load(MySqlCommand selectCommand) in D:\Projects\TrimFuel\TrimFuel\TrimFuel.Business\Dao\EntityDataProviders\EntityDataProvider.cs:line 26
   at TrimFuel.Business.Dao.MySqlDao.Load[TEntity](MySqlCommand selectCommand) in D:\Projects\TrimFuel\TrimFuel\TrimFuel.Business\Dao\MySqlDao.cs:line 54
   at TrimFuel.Business.ReturnSaleService.IsSaleReturned(Int64 saleID) in D:\Projects\TrimFuel\TrimFuel\TrimFuel.Business\ReturnSaleService.cs:line 80
-------------------------------------------------------------------------
2011-07-25 14:29:11,750 [9] ERROR TrimFuel.Business.BaseService [(null)] - TrimFuel.Business.ReturnSaleService
System.InvalidOperationException: Nullable object must have a value.
   at System.ThrowHelper.ThrowInvalidOperationException(ExceptionResource resource)
   at System.Nullable`1.get_Value()
   at TrimFuel.Business.ReturnSaleService.ReturnSale(Int64 saleID, String reason, Int32 adminID) in D:\Projects\TrimFuel\TrimFuel\TrimFuel.Business\ReturnSaleService.cs:line 17
-------------------------------------------------------------------------
2011-07-25 14:32:58,687 [4] ERROR TrimFuel.Business.BaseService [(null)] - TrimFuel.Business.ReturnSaleService
System.NotImplementedException: The method or operation is not implemented.
   at TrimFuel.Business.Dao.EntityDataProviders.NotesDataProvider.Load(DataRow row) in D:\Projects\TrimFuel\TrimFuel\TrimFuel.Business\Dao\EntityDataProviders\NotesDataProvider.cs:line 55
   at TrimFuel.Business.Dao.EntityDataProviders.EntityDataProvider`1.<Load>b__0(DataRow row) in D:\Projects\TrimFuel\TrimFuel\TrimFuel.Business\Dao\EntityDataProviders\EntityDataProvider.cs:line 27
   at System.Linq.Enumerable.WhereSelectEnumerableIterator`2.MoveNext()
   at System.Collections.Generic.List`1..ctor(IEnumerable`1 collection)
   at System.Linq.Enumerable.ToList[TSource](IEnumerable`1 source)
   at TrimFuel.Business.Dao.EntityDataProviders.EntityDataProvider`1.Load(MySqlCommand selectCommand) in D:\Projects\TrimFuel\TrimFuel\TrimFuel.Business\Dao\EntityDataProviders\EntityDataProvider.cs:line 26
   at TrimFuel.Business.Dao.MySqlDao.Load[TEntity](MySqlCommand selectCommand) in D:\Projects\TrimFuel\TrimFuel\TrimFuel.Business\Dao\MySqlDao.cs:line 54
   at TrimFuel.Business.ReturnSaleService.GetAdminNotesByBillingID(Int64 billingID) in D:\Projects\TrimFuel\TrimFuel\TrimFuel.Business\ReturnSaleService.cs:line 100
-------------------------------------------------------------------------
2011-07-25 14:32:58,796 [4] ERROR TrimFuel.Business.BaseService [(null)] - TrimFuel.Business.ReturnSaleService
System.NullReferenceException: Object reference not set to an instance of an object.
   at TrimFuel.Business.ReturnSaleService.ProcessReturnAction(Billing billing, Int64 saleID) in D:\Projects\TrimFuel\TrimFuel\TrimFuel.Business\ReturnSaleService.cs:line 223
-------------------------------------------------------------------------
2011-07-25 14:34:14,031 [4] ERROR TrimFuel.Business.BaseService [(null)] - TrimFuel.Business.ReturnSaleService
System.NotImplementedException: The method or operation is not implemented.
   at TrimFuel.Business.Dao.EntityDataProviders.NotesDataProvider.Load(DataRow row) in D:\Projects\TrimFuel\TrimFuel\TrimFuel.Business\Dao\EntityDataProviders\NotesDataProvider.cs:line 55
   at TrimFuel.Business.Dao.EntityDataProviders.EntityDataProvider`1.<Load>b__0(DataRow row) in D:\Projects\TrimFuel\TrimFuel\TrimFuel.Business\Dao\EntityDataProviders\EntityDataProvider.cs:line 27
   at System.Linq.Enumerable.WhereSelectEnumerableIterator`2.MoveNext()
   at System.Collections.Generic.List`1..ctor(IEnumerable`1 collection)
   at System.Linq.Enumerable.ToList[TSource](IEnumerable`1 source)
   at TrimFuel.Business.Dao.EntityDataProviders.EntityDataProvider`1.Load(MySqlCommand selectCommand) in D:\Projects\TrimFuel\TrimFuel\TrimFuel.Business\Dao\EntityDataProviders\EntityDataProvider.cs:line 26
   at TrimFuel.Business.Dao.MySqlDao.Load[TEntity](MySqlCommand selectCommand) in D:\Projects\TrimFuel\TrimFuel\TrimFuel.Business\Dao\MySqlDao.cs:line 54
   at TrimFuel.Business.ReturnSaleService.GetAdminNotesByBillingID(Int64 billingID) in D:\Projects\TrimFuel\TrimFuel\TrimFuel.Business\ReturnSaleService.cs:line 100
-------------------------------------------------------------------------
2011-07-25 14:34:16,531 [4] ERROR TrimFuel.Business.BaseService [(null)] - TrimFuel.Business.ReturnSaleService
System.NullReferenceException: Object reference not set to an instance of an object.
   at TrimFuel.Business.ReturnSaleService.ProcessReturnAction(Billing billing, Int64 saleID) in D:\Projects\TrimFuel\TrimFuel\TrimFuel.Business\ReturnSaleService.cs:line 223
-------------------------------------------------------------------------
2011-07-25 14:37:31,687 [4] ERROR TrimFuel.Business.BaseService [(null)] - TrimFuel.Business.ReturnSaleService
System.NotImplementedException: The method or operation is not implemented.
   at TrimFuel.Business.Dao.EntityDataProviders.NotesDataProvider.Load(DataRow row) in D:\Projects\TrimFuel\TrimFuel\TrimFuel.Business\Dao\EntityDataProviders\NotesDataProvider.cs:line 55
   at TrimFuel.Business.Dao.EntityDataProviders.EntityDataProvider`1.<Load>b__0(DataRow row) in D:\Projects\TrimFuel\TrimFuel\TrimFuel.Business\Dao\EntityDataProviders\EntityDataProvider.cs:line 27
   at System.Linq.Enumerable.WhereSelectEnumerableIterator`2.MoveNext()
   at System.Collections.Generic.List`1..ctor(IEnumerable`1 collection)
   at System.Linq.Enumerable.ToList[TSource](IEnumerable`1 source)
   at TrimFuel.Business.Dao.EntityDataProviders.EntityDataProvider`1.Load(MySqlCommand selectCommand) in D:\Projects\TrimFuel\TrimFuel\TrimFuel.Business\Dao\EntityDataProviders\EntityDataProvider.cs:line 26
   at TrimFuel.Business.Dao.MySqlDao.Load[TEntity](MySqlCommand selectCommand) in D:\Projects\TrimFuel\TrimFuel\TrimFuel.Business\Dao\MySqlDao.cs:line 54
   at TrimFuel.Business.ReturnSaleService.GetAdminNotesByBillingID(Int64 billingID) in D:\Projects\TrimFuel\TrimFuel\TrimFuel.Business\ReturnSaleService.cs:line 100
-------------------------------------------------------------------------
2011-07-25 14:37:33,375 [4] ERROR TrimFuel.Business.BaseService [(null)] - TrimFuel.Business.ReturnSaleService
System.NullReferenceException: Object reference not set to an instance of an object.
   at TrimFuel.Business.ReturnSaleService.ProcessReturnAction(Billing billing, Int64 saleID) in D:\Projects\TrimFuel\TrimFuel\TrimFuel.Business\ReturnSaleService.cs:line 223
-------------------------------------------------------------------------
2011-07-25 15:20:28,921 [10] ERROR TrimFuel.Business.BaseService [(null)] - TrimFuel.Business.ReturnSaleService
System.NotImplementedException: The method or operation is not implemented.
   at TrimFuel.Business.Dao.EntityDataProviders.ExtraTrialShipTypeDataProvider.Load(Object key, IMySqlCommandCreater cmdCreater) in D:\Projects\TrimFuel\TrimFuel\TrimFuel.Business\Dao\EntityDataProviders\ExtraTrialShipTypeDataProvider.cs:line 20
   at TrimFuel.Business.Dao.MySqlDao.Load[TEntity](Object key) in D:\Projects\TrimFuel\TrimFuel\TrimFuel.Business\Dao\MySqlDao.cs:line 42
   at TrimFuel.Business.ReturnSaleService.ProcessReturnAction(Billing billing, Int64 saleID) in D:\Projects\TrimFuel\TrimFuel\TrimFuel.Business\ReturnSaleService.cs:line 186
-------------------------------------------------------------------------
2011-07-25 15:24:18,312 [10] ERROR TrimFuel.Business.BaseService [(null)] - TrimFuel.Business.ReturnSaleService
MySql.Data.MySqlClient.MySqlException: Unknown column 'ExtraTrialShipTypeID' in 'where clause'
   at MySql.Data.MySqlClient.MySqlStream.ReadPacket()
   at MySql.Data.MySqlClient.NativeDriver.GetResult(Int32& affectedRow, Int32& insertedId)
   at MySql.Data.MySqlClient.Driver.GetResult(Int32 statementId, Int32& affectedRows, Int32& insertedId)
   at MySql.Data.MySqlClient.Driver.NextResult(Int32 statementId)
   at MySql.Data.MySqlClient.MySqlDataReader.NextResult()
   at MySql.Data.MySqlClient.MySqlCommand.ExecuteReader(CommandBehavior behavior)
   at MySql.Data.MySqlClient.MySqlCommand.ExecuteDbDataReader(CommandBehavior behavior)
   at System.Data.Common.DbCommand.System.Data.IDbCommand.ExecuteReader(CommandBehavior behavior)
   at System.Data.Common.DbDataAdapter.FillInternal(DataSet dataset, DataTable[] datatables, Int32 startRecord, Int32 maxRecords, String srcTable, IDbCommand command, CommandBehavior behavior)
   at System.Data.Common.DbDataAdapter.Fill(DataTable[] dataTables, Int32 startRecord, Int32 maxRecords, IDbCommand command, CommandBehavior behavior)
   at System.Data.Common.DbDataAdapter.Fill(DataTable dataTable)
   at TrimFuel.Business.Dao.EntityDataProviders.EntityDataProvider`1.Load(MySqlCommand selectCommand) in D:\Projects\TrimFuel\TrimFuel\TrimFuel.Business\Dao\EntityDataProviders\EntityDataProvider.cs:line 24
   at TrimFuel.Business.Dao.EntityDataProviders.ExtraTrialShipTypeDataProvider.Load(Object key, IMySqlCommandCreater cmdCreater) in D:\Projects\TrimFuel\TrimFuel\TrimFuel.Business\Dao\EntityDataProviders\ExtraTrialShipTypeDataProvider.cs:line 25
   at TrimFuel.Business.Dao.MySqlDao.Load[TEntity](Object key) in D:\Projects\TrimFuel\TrimFuel\TrimFuel.Business\Dao\MySqlDao.cs:line 42
   at TrimFuel.Business.ReturnSaleService.ProcessReturnAction(Billing billing, Int64 saleID) in D:\Projects\TrimFuel\TrimFuel\TrimFuel.Business\ReturnSaleService.cs:line 186
-------------------------------------------------------------------------
2011-07-25 15:31:01,375 [10] ERROR TrimFuel.Business.BaseService [(null)] - TrimFuel.Business.ReturnSaleService
System.UriFormatException: Invalid URI: The format of the URI could not be determined.
   at System.Uri.CreateThis(String uri, Boolean dontEscape, UriKind uriKind)
   at System.Uri..ctor(String uriString)
   at System.Net.WebRequest.Create(String requestUriString)
   at TrimFuel.Business.Gateways.MaxMind.MaxMindGateway.SendFraudScore(Billing billing, Registration registration, RegistrationInfo registrationInfo, Sale sale) in D:\Projects\TrimFuel\TrimFuel\TrimFuel.Business\Gateways\MaxMind\MaxMindGateway.cs:line 28
   at TrimFuel.Business.SaleService.ValidateFraud(Billing billing, Sale sale) in D:\Projects\TrimFuel\TrimFuel\TrimFuel.Business\SaleService.cs:line 706
-------------------------------------------------------------------------
2011-07-25 15:32:17,781 [10] ERROR TrimFuel.Business.BaseService [(null)] - TrimFuel.Business.ReturnSaleService
System.Exception: Inner transaction rollback
   at TrimFuel.Business.Dao.MySqlDao.RollbackTransaction() in D:\Projects\TrimFuel\TrimFuel\TrimFuel.Business\Dao\MySqlDao.cs:line 155
   at TrimFuel.Business.SaleService.ValidateFraud(Billing billing, Sale sale) in D:\Projects\TrimFuel\TrimFuel\TrimFuel.Business\SaleService.cs:line 729
   at TrimFuel.Business.SaleService.CreateUpsellSale(Billing billing, UpsellType upsellType, Int32 quantity, ICoupon coupon, Referer referer, String partnerClickClickID, Referer ownReferer, Nullable`1 refererCommissionRedeem, IList`1 promoGiftList) in D:\Projects\TrimFuel\TrimFuel\TrimFuel.Business\SaleService.cs:line 2614
   at TrimFuel.Business.ReturnSaleService.ProcessReturnAction(Billing billing, Int64 saleID) in D:\Projects\TrimFuel\TrimFuel\TrimFuel.Business\ReturnSaleService.cs:line 213
-------------------------------------------------------------------------
2011-07-25 15:57:49,546 [4] ERROR TrimFuel.Business.BaseService [(null)] - TrimFuel.Business.ReturnSaleService
System.UriFormatException: Invalid URI: The format of the URI could not be determined.
   at System.Uri.CreateThis(String uri, Boolean dontEscape, UriKind uriKind)
   at System.Uri..ctor(String uriString)
   at System.Net.WebRequest.Create(String requestUriString)
   at TrimFuel.Business.Gateways.MaxMind.MaxMindGateway.SendFraudScore(Billing billing, Registration registration, RegistrationInfo registrationInfo, Sale sale) in D:\Projects\TrimFuel\TrimFuel\TrimFuel.Business\Gateways\MaxMind\MaxMindGateway.cs:line 28
   at TrimFuel.Business.SaleService.ValidateFraud(Billing billing, Sale sale) in D:\Projects\TrimFuel\TrimFuel\TrimFuel.Business\SaleService.cs:line 706
-------------------------------------------------------------------------
2011-07-25 15:57:49,546 [4] ERROR TrimFuel.Business.BaseService [(null)] - TrimFuel.Business.ReturnSaleService
System.Exception: Inner transaction rollback
   at TrimFuel.Business.Dao.MySqlDao.RollbackTransaction() in D:\Projects\TrimFuel\TrimFuel\TrimFuel.Business\Dao\MySqlDao.cs:line 155
   at TrimFuel.Business.SaleService.ValidateFraud(Billing billing, Sale sale) in D:\Projects\TrimFuel\TrimFuel\TrimFuel.Business\SaleService.cs:line 729
   at TrimFuel.Business.SaleService.CreateUpsellSale(Billing billing, UpsellType upsellType, Int32 quantity, ICoupon coupon, Referer referer, String partnerClickClickID, Referer ownReferer, Nullable`1 refererCommissionRedeem, IList`1 promoGiftList) in D:\Projects\TrimFuel\TrimFuel\TrimFuel.Business\SaleService.cs:line 2614
   at TrimFuel.Business.ReturnSaleService.ProcessReturnAction(Billing billing, Int64 saleID) in D:\Projects\TrimFuel\TrimFuel\TrimFuel.Business\ReturnSaleService.cs:line 213
-------------------------------------------------------------------------
2011-08-25 13:52:50,937 [5] ERROR TrimFuel.Business.BaseService [(null)] - TrimFuel.Business.GeneralShipperService
System.NotImplementedException: The method or operation is not implemented.
   at TrimFuel.Business.ABFService.CheckReturns() in D:\Projects\TrimFuel\TrimFuel\TrimFuel.Business\ABFService.cs:line 241
   at TrimFuel.Business.GeneralShipperService.CheckReturns() in D:\Projects\TrimFuel\TrimFuel\TrimFuel.Business\GeneralShipperService.cs:line 73
-------------------------------------------------------------------------
2011-08-25 13:53:16,828 [5] ERROR TrimFuel.Business.BaseService [(null)] - TrimFuel.Business.GeneralShipperService
System.NotImplementedException: The method or operation is not implemented.
   at TrimFuel.Business.KeymailService.CheckReturns() in D:\Projects\TrimFuel\TrimFuel\TrimFuel.Business\KeymailService.cs:line 126
   at TrimFuel.Business.GeneralShipperService.CheckReturns() in D:\Projects\TrimFuel\TrimFuel\TrimFuel.Business\GeneralShipperService.cs:line 73
-------------------------------------------------------------------------
2011-08-25 13:55:10,140 [5] ERROR TrimFuel.Business.BaseService [(null)] - TrimFuel.Business.GeneralShipperService
System.NotImplementedException: The method or operation is not implemented.
   at TrimFuel.Business.ABFService.CheckReturns() in D:\Projects\TrimFuel\TrimFuel\TrimFuel.Business\ABFService.cs:line 241
   at TrimFuel.Business.GeneralShipperService.CheckReturns() in D:\Projects\TrimFuel\TrimFuel\TrimFuel.Business\GeneralShipperService.cs:line 73
-------------------------------------------------------------------------
2011-08-25 13:56:52,406 [5] ERROR TrimFuel.Business.BaseService [(null)] - TrimFuel.Business.AtLastFulfillmentService
System.ArgumentException: An item with the same key has already been added.
   at System.ThrowHelper.ThrowArgumentException(ExceptionResource resource)
   at System.Collections.Generic.Dictionary`2.Insert(TKey key, TValue value, Boolean add)
   at System.Collections.Generic.Dictionary`2.Add(TKey key, TValue value)
   at TrimFuel.Business.Gateways.AtLastFulfillment.AtLastFulfillmentGateway.GetReturns() in D:\Projects\TrimFuel\TrimFuel\TrimFuel.Business\Gateways\AtLastFulfillment\AtLastFulfillmentGateway.cs:line 226
   at TrimFuel.Business.AtLastFulfillmentService.CheckReturns() in D:\Projects\TrimFuel\TrimFuel\TrimFuel.Business\AtLastFulfillmentService.cs:line 170
-------------------------------------------------------------------------
2011-08-25 13:56:52,421 [5] ERROR TrimFuel.Business.BaseService [(null)] - TrimFuel.Business.GeneralShipperService
System.NotImplementedException: The method or operation is not implemented.
   at TrimFuel.Business.KeymailService.CheckReturns() in D:\Projects\TrimFuel\TrimFuel\TrimFuel.Business\KeymailService.cs:line 126
   at TrimFuel.Business.GeneralShipperService.CheckReturns() in D:\Projects\TrimFuel\TrimFuel\TrimFuel.Business\GeneralShipperService.cs:line 73
-------------------------------------------------------------------------
2011-08-25 13:56:52,421 [5] ERROR TrimFuel.Business.BaseService [(null)] - TrimFuel.Business.GeneralShipperService
System.NotImplementedException: The method or operation is not implemented.
   at TrimFuel.Business.GoFulfillmentService.CheckReturns() in D:\Projects\TrimFuel\TrimFuel\TrimFuel.Business\GoFulfillmentService.cs:line 121
   at TrimFuel.Business.GeneralShipperService.CheckReturns() in D:\Projects\TrimFuel\TrimFuel\TrimFuel.Business\GeneralShipperService.cs:line 73
-------------------------------------------------------------------------
2011-08-25 13:58:50,187 [4] ERROR TrimFuel.Business.BaseService [(null)] - TrimFuel.Business.GeneralShipperService
System.NotImplementedException: The method or operation is not implemented.
   at TrimFuel.Business.ABFService.CheckReturns() in D:\Projects\TrimFuel\TrimFuel\TrimFuel.Business\ABFService.cs:line 241
   at TrimFuel.Business.GeneralShipperService.CheckReturns() in D:\Projects\TrimFuel\TrimFuel\TrimFuel.Business\GeneralShipperService.cs:line 73
-------------------------------------------------------------------------
2011-08-25 14:03:00,343 [4] ERROR TrimFuel.Business.BaseService [(null)] - TrimFuel.Business.GeneralShipperService
System.NotImplementedException: The method or operation is not implemented.
   at TrimFuel.Business.KeymailService.CheckReturns() in D:\Projects\TrimFuel\TrimFuel\TrimFuel.Business\KeymailService.cs:line 126
   at TrimFuel.Business.GeneralShipperService.CheckReturns() in D:\Projects\TrimFuel\TrimFuel\TrimFuel.Business\GeneralShipperService.cs:line 73
-------------------------------------------------------------------------
2011-08-25 14:03:00,343 [4] ERROR TrimFuel.Business.BaseService [(null)] - TrimFuel.Business.GeneralShipperService
System.NotImplementedException: The method or operation is not implemented.
   at TrimFuel.Business.GoFulfillmentService.CheckReturns() in D:\Projects\TrimFuel\TrimFuel\TrimFuel.Business\GoFulfillmentService.cs:line 121
   at TrimFuel.Business.GeneralShipperService.CheckReturns() in D:\Projects\TrimFuel\TrimFuel\TrimFuel.Business\GeneralShipperService.cs:line 73
-------------------------------------------------------------------------
2011-08-25 14:03:24,328 [4] ERROR TrimFuel.Business.BaseService [(null)] - TrimFuel.Business.GeneralShipperService
System.NotImplementedException: The method or operation is not implemented.
   at TrimFuel.Business.ABFService.CheckReturns() in D:\Projects\TrimFuel\TrimFuel\TrimFuel.Business\ABFService.cs:line 241
   at TrimFuel.Business.GeneralShipperService.CheckReturns() in D:\Projects\TrimFuel\TrimFuel\TrimFuel.Business\GeneralShipperService.cs:line 73
-------------------------------------------------------------------------
2011-08-25 14:03:35,687 [4] ERROR TrimFuel.Business.BaseService [(null)] - TrimFuel.Business.GeneralShipperService
System.NotImplementedException: The method or operation is not implemented.
   at TrimFuel.Business.KeymailService.CheckReturns() in D:\Projects\TrimFuel\TrimFuel\TrimFuel.Business\KeymailService.cs:line 126
   at TrimFuel.Business.GeneralShipperService.CheckReturns() in D:\Projects\TrimFuel\TrimFuel\TrimFuel.Business\GeneralShipperService.cs:line 73
-------------------------------------------------------------------------
2011-08-25 14:03:35,687 [4] ERROR TrimFuel.Business.BaseService [(null)] - TrimFuel.Business.GeneralShipperService
System.NotImplementedException: The method or operation is not implemented.
   at TrimFuel.Business.GoFulfillmentService.CheckReturns() in D:\Projects\TrimFuel\TrimFuel\TrimFuel.Business\GoFulfillmentService.cs:line 121
   at TrimFuel.Business.GeneralShipperService.CheckReturns() in D:\Projects\TrimFuel\TrimFuel\TrimFuel.Business\GeneralShipperService.cs:line 73
-------------------------------------------------------------------------
2011-08-25 14:03:41,890 [5] ERROR TrimFuel.Business.BaseService [(null)] - TrimFuel.Business.GeneralShipperService
System.NotImplementedException: The method or operation is not implemented.
   at TrimFuel.Business.ABFService.CheckReturns() in D:\Projects\TrimFuel\TrimFuel\TrimFuel.Business\ABFService.cs:line 241
   at TrimFuel.Business.GeneralShipperService.CheckReturns() in D:\Projects\TrimFuel\TrimFuel\TrimFuel.Business\GeneralShipperService.cs:line 73
-------------------------------------------------------------------------
2011-08-25 14:04:01,500 [5] ERROR TrimFuel.Business.BaseService [(null)] - TrimFuel.Business.GeneralShipperService
System.NotImplementedException: The method or operation is not implemented.
   at TrimFuel.Business.KeymailService.CheckReturns() in D:\Projects\TrimFuel\TrimFuel\TrimFuel.Business\KeymailService.cs:line 126
   at TrimFuel.Business.GeneralShipperService.CheckReturns() in D:\Projects\TrimFuel\TrimFuel\TrimFuel.Business\GeneralShipperService.cs:line 73
-------------------------------------------------------------------------
2011-08-25 14:04:01,500 [5] ERROR TrimFuel.Business.BaseService [(null)] - TrimFuel.Business.GeneralShipperService
System.NotImplementedException: The method or operation is not implemented.
   at TrimFuel.Business.GoFulfillmentService.CheckReturns() in D:\Projects\TrimFuel\TrimFuel\TrimFuel.Business\GoFulfillmentService.cs:line 121
   at TrimFuel.Business.GeneralShipperService.CheckReturns() in D:\Projects\TrimFuel\TrimFuel\TrimFuel.Business\GeneralShipperService.cs:line 73
-------------------------------------------------------------------------
2011-11-16 17:02:49,015 [8] ERROR TrimFuel.Business.BaseService [(null)] - TrimFuel.Business.SubscriptionPlanService
MySql.Data.MySqlClient.MySqlException: Unknown column 'bsp.IsActive' in 'where clause'
   at MySql.Data.MySqlClient.MySqlStream.ReadPacket()
   at MySql.Data.MySqlClient.NativeDriver.GetResult(Int32& affectedRow, Int32& insertedId)
   at MySql.Data.MySqlClient.Driver.GetResult(Int32 statementId, Int32& affectedRows, Int32& insertedId)
   at MySql.Data.MySqlClient.Driver.NextResult(Int32 statementId)
   at MySql.Data.MySqlClient.MySqlDataReader.NextResult()
   at MySql.Data.MySqlClient.MySqlCommand.ExecuteReader(CommandBehavior behavior)
   at MySql.Data.MySqlClient.MySqlCommand.ExecuteDbDataReader(CommandBehavior behavior)
   at System.Data.Common.DbCommand.System.Data.IDbCommand.ExecuteReader(CommandBehavior behavior)
   at System.Data.Common.DbDataAdapter.FillInternal(DataSet dataset, DataTable[] datatables, Int32 startRecord, Int32 maxRecords, String srcTable, IDbCommand command, CommandBehavior behavior)
   at System.Data.Common.DbDataAdapter.Fill(DataTable[] dataTables, Int32 startRecord, Int32 maxRecords, IDbCommand command, CommandBehavior behavior)
   at System.Data.Common.DbDataAdapter.Fill(DataTable dataTable)
   at TrimFuel.Business.Dao.EntityDataProviders.EntityDataProvider`1.Load(MySqlCommand selectCommand) in D:\Projects\TrimFuel\TrimFuel\TrimFuel.Business\Dao\EntityDataProviders\EntityDataProvider.cs:line 24
   at TrimFuel.Business.Dao.MySqlDao.Load[TEntity](MySqlCommand selectCommand) in D:\Projects\TrimFuel\TrimFuel\TrimFuel.Business\Dao\MySqlDao.cs:line 54
   at TrimFuel.Business.SubscriptionPlanService.ProcessSubscriptionPlans() in D:\Projects\TrimFuel\TrimFuel\TrimFuel.Business\SubscriptionPlanService.cs:line 294
-------------------------------------------------------------------------
2011-11-16 17:04:16,515 [4] ERROR TrimFuel.Business.BaseService [(null)] - TrimFuel.Business.SubscriptionPlanService
System.InvalidCastException: Unable to cast object of type 'TrimFuel.Model.BillingSubscriptionPlan' to type 'System.IConvertible'.
   at System.Convert.ToInt32(Object value)
   at MySql.Data.Types.MySqlInt32.MySql.Data.Types.IMySqlValue.WriteValue(MySqlPacket packet, Boolean binary, Object val, Int32 length)
   at MySql.Data.MySqlClient.MySqlParameter.Serialize(MySqlPacket packet, Boolean binary, MySqlConnectionStringBuilder settings)
   at MySql.Data.MySqlClient.Statement.SerializeParameter(MySqlParameterCollection parameters, MySqlPacket packet, String parmName)
   at MySql.Data.MySqlClient.Statement.InternalBindParameters(String sql, MySqlParameterCollection parameters, MySqlPacket packet)
   at MySql.Data.MySqlClient.Statement.BindParameters()
   at MySql.Data.MySqlClient.Statement.Execute()
   at MySql.Data.MySqlClient.PreparableStatement.Execute()
   at MySql.Data.MySqlClient.MySqlCommand.ExecuteReader(CommandBehavior behavior)
   at MySql.Data.MySqlClient.MySqlCommand.ExecuteDbDataReader(CommandBehavior behavior)
   at System.Data.Common.DbCommand.System.Data.IDbCommand.ExecuteReader(CommandBehavior behavior)
   at System.Data.Common.DbDataAdapter.FillInternal(DataSet dataset, DataTable[] datatables, Int32 startRecord, Int32 maxRecords, String srcTable, IDbCommand command, CommandBehavior behavior)
   at System.Data.Common.DbDataAdapter.Fill(DataTable[] dataTables, Int32 startRecord, Int32 maxRecords, IDbCommand command, CommandBehavior behavior)
   at System.Data.Common.DbDataAdapter.Fill(DataTable dataTable)
   at TrimFuel.Business.Dao.EntityDataProviders.EntityDataProvider`1.Load(MySqlCommand selectCommand) in D:\Projects\TrimFuel\TrimFuel\TrimFuel.Business\Dao\EntityDataProviders\EntityDataProvider.cs:line 24
   at TrimFuel.Business.Dao.EntityDataProviders.BillingSubscriptionDataProvider.Load(Object key, IMySqlCommandCreater cmdCreater) in D:\Projects\TrimFuel\TrimFuel\TrimFuel.Business\Dao\EntityDataProviders\BillingSubscriptionDataProvider.cs:line 58
   at TrimFuel.Business.Dao.MySqlDao.Load[TEntity](Object key) in D:\Projects\TrimFuel\TrimFuel\TrimFuel.Business\Dao\MySqlDao.cs:line 42
   at TrimFuel.Business.BaseService.EnsureLoad[TEntity](Object key) in D:\Projects\TrimFuel\TrimFuel\TrimFuel.Business\BaseService.cs:line 34
   at TrimFuel.Business.SubscriptionPlanService.ProcessSubscriptionPlan(BillingSubscriptionPlan plan) in D:\Projects\TrimFuel\TrimFuel\TrimFuel.Business\SubscriptionPlanService.cs:line 335
-------------------------------------------------------------------------
2011-11-16 17:04:16,609 [4] ERROR TrimFuel.Business.BaseService [(null)] - TrimFuel.Business.SubscriptionPlanService
MySql.Data.MySqlClient.MySqlException: There is already an open DataReader associated with this Connection which must be closed first.
   at MySql.Data.MySqlClient.MySqlCommand.CheckState()
   at MySql.Data.MySqlClient.MySqlCommand.ExecuteReader(CommandBehavior behavior)
   at MySql.Data.MySqlClient.MySqlCommand.ExecuteDbDataReader(CommandBehavior behavior)
   at System.Data.Common.DbCommand.System.Data.IDbCommand.ExecuteReader(CommandBehavior behavior)
   at System.Data.Common.DbDataAdapter.FillInternal(DataSet dataset, DataTable[] datatables, Int32 startRecord, Int32 maxRecords, String srcTable, IDbCommand command, CommandBehavior behavior)
   at System.Data.Common.DbDataAdapter.Fill(DataTable[] dataTables, Int32 startRecord, Int32 maxRecords, IDbCommand command, CommandBehavior behavior)
   at System.Data.Common.DbDataAdapter.Fill(DataTable dataTable)
   at TrimFuel.Business.Dao.EntityDataProviders.EntityDataProvider`1.Load(MySqlCommand selectCommand) in D:\Projects\TrimFuel\TrimFuel\TrimFuel.Business\Dao\EntityDataProviders\EntityDataProvider.cs:line 24
   at TrimFuel.Business.Dao.EntityDataProviders.BillingSubscriptionPlanDataProvider.Load(Object key, IMySqlCommandCreater cmdCreater) in D:\Projects\TrimFuel\TrimFuel\TrimFuel.Business\Dao\EntityDataProviders\BillingSubscriptionPlanDataProvider.cs:line 58
   at TrimFuel.Business.Dao.MySqlDao.Load[TEntity](Object key) in D:\Projects\TrimFuel\TrimFuel\TrimFuel.Business\Dao\MySqlDao.cs:line 42
   at TrimFuel.Business.BaseService.EnsureLoad[TEntity](Object key) in D:\Projects\TrimFuel\TrimFuel\TrimFuel.Business\BaseService.cs:line 34
   at TrimFuel.Business.SubscriptionPlanService.ProcessSubscriptionPlan(BillingSubscriptionPlan plan) in D:\Projects\TrimFuel\TrimFuel\TrimFuel.Business\SubscriptionPlanService.cs:line 334
-------------------------------------------------------------------------
2011-11-16 17:09:52,828 [4] ERROR TrimFuel.Business.BaseService [(null)] - TrimFuel.Business.SubscriptionPlanService
System.Exception: Invalid SubscriptionPlanItemAction Quantity(1)
   at TrimFuel.Business.SubscriptionPlanService.ProcessSubscriptionPlanActionFreeProduct(BillingSubscription bs, SubscriptionPlanItemAction action) in D:\Projects\TrimFuel\TrimFuel\TrimFuel.Business\SubscriptionPlanService.cs:line 520
