1441979,Elena,Shyshkina,V5E 4H7,BC,CAN,Face Serum GBP,331
1443200,Sylvie,Asselin,J4X 2P2,QC,CAN,Face Serum GBP,331
1453738,Tabitha,Malcolm,7250,TAS,AU,Face Serum US/CA,332
1454795,Louise,Papps,5043,SA,US,Face Serum AU,357
1463347,Loretta,Fitzgerald,A2V 1S7,NL,CAN,Face Serum GBP,331
1473337,Barb,Mitten,S4S 0K5,SK,CAN,Face Serum GBP,331
1477677,Caroline,Hook,HD8 8SN,,UK,Face Serum US/CA,381
1492544,Susan Y,Stevenson,V6Z 2M2,BC,CAN,Face Serum GBP,331
1495795,Thang,Nguyen The,J2G 5C5,QC,CAN,Face Serum GBP,331
1500493,Lidia,Skarbek,L7E 0C8,ON,CAN,Face Serum GBP,331
1503715,Nafisa Raissa,Umrani,V3N 3B7,BC,CAN,Face Serum GBP,331
1503727,Sophie,Therrien,H2E 2C8,QC,CAN,Face Serum GBP,331
1511807,Nicole,Turcotte,G0T 1V0,QC,CAN,Face Serum GBP,331
1513206,Vanusa,Fonseca,W11 3BY,,UK,Face Serum US/CA,381
1513757,Gabrielle,Pretorian,H3Z 1S6,QC,CAN,Face Serum GBP,331
1514290,Kelly-lynn,Joy,S9V 0M5,SK,CAN,Face Serum GBP,331
1514775,Michelle,Senych,T0E 1V0,AB,CAN,Face Serum GBP,331
1514790,Anne,Corrigan,M2R 1Z5,ON,CAN,Face Serum GBP,331
1517572,Dianne,Lakey,6112,WA,US,Face Serum AU,357
1517812,Melissa,Amien,6155,WA,US,Face Serum AU,357
1517857,Gillian,Squire,5290,SA,US,Face Serum AU,357
1517971,Lorna,Shepherd,T8V 5T6,AB,CAN,Face Serum GBP,331
1518212,Laurel,Smith,6147,WA,US,Face Serum AU,357
1518386,Ron,Loucks,M9C 5K8,ON,CAN,Face Serum GBP,331
1518818,Jennifer,Rossi,L7J 2V8,ON,CAN,Face Serum GBP,331
1518902,Theresa,Brooks,6210,WA,US,Face Serum AU,357
1518928,Henedina,Holst,X1A 2N2,NT,CAN,Face Serum GBP,331
1526288,Dagmar,Doss,6721,WA,US,Face Serum AU,357
1526420,Debbie,Ramage,6035,WA,US,Face Serum AU,357
1526792,Terri,Maglio,V1L 6Y4,BC,CAN,Face Serum GBP,331
1526904,Regina,Tesiorowski,N0J 1G0,ON,CAN,Face Serum GBP,331
1526920,Glorita,Markov,N1T 1M6,ON,CAN,Face Serum GBP,331
1528612,Emelita,Rabang,M4H 1H6,ON,CAN,Face Serum GBP,331
1528633,Sharon,Benson,S6J 1J2,SK,CAN,Face Serum GBP,331
1528637,Cynthia,Waterfield,B3Z 3V7,NS,CAN,Face Serum GBP,331
1528764,Grace,Johnson,T0K 1X0,AB,CAN,Face Serum GBP,331
1528786,Donna,Berube,T2Y 3G7,AB,CAN,Face Serum GBP,331
1528792,Sandra,Marynissen,L0S 1J0,ON,CAN,Face Serum GBP,331
1529866,Jo-anne,Wood,R2Y 2G9,MB,CAN,Face Serum GBP,331
1529983,Diana,Deamel,T4G 1H7,AB,CAN,Face Serum GBP,331
1530267,Eva,Wiebe,T8V 2Z8,AB,CAN,Face Serum GBP,331
1530304,Betty,Koziak,T0B 2R0,AB,CAN,Face Serum GBP,331
1530405,Karen,Hinsche,V2M 6M8,BC,CAN,Face Serum GBP,331
1530666,Darlene,Zornada,M1E 4L1,ON,CAN,Face Serum GBP,331
1530679,Joanne,Parson,K9V 4R6,ON,CAN,Face Serum GBP,331
1530701,Pauline,Haydar,L9T 2Y1,ON,CAN,Face Serum GBP,331
1530704,Kathy,Tjart,N2P 1M9,ON,CAN,Face Serum GBP,331
1530842,Gail,Layden,T4R 1L1,AB,CAN,Face Serum GBP,331
1530847,Pamela,Redmond,T4T 2A2,AB,CAN,Face Serum GBP,331
1530894,Karen,Lafond,V2N 6R3,BC,CAN,Face Serum GBP,331
1531686,Beryl,Evans,LL14 5DL,,UK,Face Serum US/CA,386
1532731,Larry,Harris,M1N 3G5,ON,CAN,Face Serum GBP,331
1532861,Martha,McGregor,L6Z 1P2,ON,CAN,Face Serum GBP,331
1533001,Bonnie,Anderson,T0G 2A3,AB,CAN,Face Serum GBP,331
1533096,Barbara,Seagram,M4N 1T2,ON,CAN,Face Serum GBP,331
1533282,Lana,Yakimchuk,T0M 0R0,AB,CAN,Face Serum GBP,331
1533311,Anjila,Belov,V6B 5X5,BC,CAN,Face Serum GBP,331
1533333,Carlynn,Reed,L3R 2V6,ON,CAN,Face Serum GBP,331
1533336,Janine,Henry,V8T 4Y4,AB,CAN,Face Serum GBP,331
1533519,Danyelle,Bachand,G1S 3C5,QC,CAN,Face Serum GBP,331
1533560,Monica,MacIsaac,L7M 4G7,ON,CAN,Face Serum GBP,331
1533793,Pam,Wilson,CB25 0BB,,UK,Face Serum US/CA,382
1533810,Mel,Lewis,CH1 5DP,,UK,Face Serum US/CA,382
1534441,Natasha,Patel,SW8 4DA,,UK,Face Serum US/CA,381
1534584,Sophia,Gattas,K2B 7T2,ON,CAN,Face Serum GBP,331
1534773,Russ,Orchard,DD8 1SZ,,UK,Face Serum US/CA,382
1534881,James,Morgan,CV32EH,,UK,Face Serum US/CA,382
1535225,Elwyn,Earl,V9Y 7M2,BC,CAN,Face Serum GBP,331
1535670,Winona,Wright,T8A 0V1,AB,CAN,Face Serum GBP,331
1535706,Nadya,Dandurand,V3G 2E1,BC,CAN,Face Serum GBP,331
1535755,Carol,Lazich,L8P 1G1,ON,CAN,Face Serum GBP,331
1535930,Lucille,Studer,T1W 0G8,AB,CAN,Face Serum GBP,331
1535975,Joanna,Kowalik,L5H 1X8,ON,CAN,Face Serum GBP,331
1536090,Yvon,Bilodeau,J3B 2L2,QC,CAN,Face Serum GBP,331
1536158,Gloria,Prevost,T7X 2S9,AB,CAN,Face Serum GBP,331
1536271,Darlene,Casale,R3W 0A6,MB,CAN,Face Serum GBP,331
1536543,Debbie,Chartrand,J0X 2G0,QC,CAN,Face Serum GBP,331
1536559,Lyse,Moreau,L2E 6X8,ON,CAN,Face Serum GBP,331
1536565,Kelly,Wohler,V2A 8N8,BC,CAN,Face Serum GBP,331
1537850,Leslie,Dickie,V0C 1R0,BC,CAN,Face Serum GBP,331
1537871,Cathryn,Heslep,T5H 1S8,AB,CAN,Face Serum GBP,331
1538506,Janet,Beck,T0K 0K0,AB,CAN,Face Serum GBP,331
1539012,Elma,Killick,S0A 2P0,SK,CAN,Face Serum GBP,331
1539389,Christine,Courtemanche,V2P 7M5,BC,CAN,Face Serum GBP,331
1539427,Celine,Richardson,K1Z 7M7,ON,CAN,Face Serum GBP,331
1539640,Patricia,Owens,N8P 1L6,ON,CAN,Face Serum GBP,331
1539799,Katie,Peters,B2X 3H2,NS,CAN,Face Serum GBP,331
1539800,Karen,Abram,L4A 5B5,ON,CAN,Face Serum GBP,331
1539801,Karen,Abram,L4A 5B5,ON,CAN,Face Serum GBP,331
1539819,Otilia,Miranda,M9N 3H6,ON,CAN,Face Serum GBP,331
1540124,Kallitsa,Chantzis,J4X 1T9,QC,CAN,Face Serum GBP,331
1540154,Beverly,Lang,L6X 5C5,ON,CAN,Face Serum GBP,331
1540560,Josee,Jeffrey,J4J 5M4,QC,CAN,Face Serum GBP,331
1540789,Carolyn,Balzer,T4R 1E3,AB,CAN,Face Serum GBP,331
1541387,Tammetha,Levesque,B0P 1J0,NS,CAN,Face Serum GBP,331
1542336,Suzanne,Cardinal,P4N 4V7,ON,CAN,Face Serum GBP,331
1542682,Kathryn,Robson,T1V 1C6,AB,CAN,Face Serum GBP,331
1542831,Danielle,Morin,V6Z 3G2,BC,CAN,Face Serum GBP,331
1543581,Faye,Desranleau,T0G 1T0,AB,CAN,Face Serum GBP,331
1547355,Cesar S.,Gonzales,R7B 2Y1,MB,CAN,Face Serum GBP,331
1554907,Dianne,Charleson,5087,SA,US,Face Serum AU,357
1554982,Janien,Crampton,6172,WA,US,Face Serum AU,357
1555904,Julie,Cheek,6230,WA,US,Face Serum AU,357
1575075,Catherine,Naslund,K8N 2Z4,ON,CAN,Face Serum GBP,331