-------------------------------------------------------------------------
2010-09-08 18:11:55,593 [5] ERROR TrimFuel.Business.BaseService [(null)] - TrimFuel.Business.SaleService
MySql.Data.MySqlClient.MySqlException: The used SELECT statements have a different number of columns
   at MySql.Data.MySqlClient.MySqlStream.ReadPacket()
   at MySql.Data.MySqlClient.NativeDriver.GetResult(Int32& affectedRow, Int32& insertedId)
   at MySql.Data.MySqlClient.Driver.GetResult(Int32 statementId, Int32& affectedRows, Int32& insertedId)
   at MySql.Data.MySqlClient.Driver.NextResult(Int32 statementId)
   at MySql.Data.MySqlClient.MySqlDataReader.NextResult()
   at MySql.Data.MySqlClient.MySqlCommand.ExecuteReader(CommandBehavior behavior)
   at MySql.Data.MySqlClient.MySqlCommand.ExecuteDbDataReader(CommandBehavior behavior)
   at System.Data.Common.DbCommand.System.Data.IDbCommand.ExecuteReader(CommandBehavior behavior)
   at System.Data.Common.DbDataAdapter.FillInternal(DataSet dataset, DataTable[] datatables, Int32 startRecord, Int32 maxRecords, String srcTable, IDbCommand command, CommandBehavior behavior)
   at System.Data.Common.DbDataAdapter.Fill(DataTable[] dataTables, Int32 startRecord, Int32 maxRecords, IDbCommand command, CommandBehavior behavior)
   at System.Data.Common.DbDataAdapter.Fill(DataTable dataTable)
   at TrimFuel.Business.Dao.EntityDataProviders.EntityDataProvider`1.Load(MySqlCommand selectCommand) in D:\Projects\TrimFuel\TrimFuel\TrimFuel.Business\Dao\EntityDataProviders\EntityDataProvider.cs:line 24
   at TrimFuel.Business.Dao.MySqlDao.Load[TEntity](MySqlCommand selectCommand) in D:\Projects\TrimFuel\TrimFuel\TrimFuel.Business\Dao\MySqlDao.cs:line 54
   at TrimFuel.Business.SaleService.GetBillingBySale(Int64 saleID) in D:\Projects\TrimFuel\TrimFuel\TrimFuel.Business\SaleService.cs:line 386
-------------------------------------------------------------------------
2010-09-08 18:12:04,171 [5] ERROR TrimFuel.Business.BaseService [(null)] - TrimFuel.Business.SaleService
System.Exception: Billing for Sale(62795) was not found
   at TrimFuel.Business.SaleService.ValidateFraud(Int64 saleID) in D:\Projects\TrimFuel\TrimFuel\TrimFuel.Business\SaleService.cs:line 405
-------------------------------------------------------------------------
2010-09-08 18:12:37,328 [6] ERROR TrimFuel.Business.BaseService [(null)] - TrimFuel.Business.SaleService
MySql.Data.MySqlClient.MySqlException: The used SELECT statements have a different number of columns
   at MySql.Data.MySqlClient.MySqlStream.ReadPacket()
   at MySql.Data.MySqlClient.NativeDriver.GetResult(Int32& affectedRow, Int32& insertedId)
   at MySql.Data.MySqlClient.Driver.GetResult(Int32 statementId, Int32& affectedRows, Int32& insertedId)
   at MySql.Data.MySqlClient.Driver.NextResult(Int32 statementId)
   at MySql.Data.MySqlClient.MySqlDataReader.NextResult()
   at MySql.Data.MySqlClient.MySqlCommand.ExecuteReader(CommandBehavior behavior)
   at MySql.Data.MySqlClient.MySqlCommand.ExecuteDbDataReader(CommandBehavior behavior)
   at System.Data.Common.DbCommand.System.Data.IDbCommand.ExecuteReader(CommandBehavior behavior)
   at System.Data.Common.DbDataAdapter.FillInternal(DataSet dataset, DataTable[] datatables, Int32 startRecord, Int32 maxRecords, String srcTable, IDbCommand command, CommandBehavior behavior)
   at System.Data.Common.DbDataAdapter.Fill(DataTable[] dataTables, Int32 startRecord, Int32 maxRecords, IDbCommand command, CommandBehavior behavior)
   at System.Data.Common.DbDataAdapter.Fill(DataTable dataTable)
   at TrimFuel.Business.Dao.EntityDataProviders.EntityDataProvider`1.Load(MySqlCommand selectCommand) in D:\Projects\TrimFuel\TrimFuel\TrimFuel.Business\Dao\EntityDataProviders\EntityDataProvider.cs:line 24
   at TrimFuel.Business.Dao.MySqlDao.Load[TEntity](MySqlCommand selectCommand) in D:\Projects\TrimFuel\TrimFuel\TrimFuel.Business\Dao\MySqlDao.cs:line 54
   at TrimFuel.Business.SaleService.GetBillingBySale(Int64 saleID) in D:\Projects\TrimFuel\TrimFuel\TrimFuel.Business\SaleService.cs:line 386
-------------------------------------------------------------------------
2010-09-08 18:12:37,328 [6] ERROR TrimFuel.Business.BaseService [(null)] - TrimFuel.Business.SaleService
System.Exception: Billing for Sale(62795) was not found
   at TrimFuel.Business.SaleService.ValidateFraud(Int64 saleID) in D:\Projects\TrimFuel\TrimFuel\TrimFuel.Business\SaleService.cs:line 405
-------------------------------------------------------------------------
2010-09-08 18:14:23,484 [5] ERROR TrimFuel.Business.BaseService [(null)] - TrimFuel.Business.SaleService
System.UriFormatException: Invalid URI: The format of the URI could not be determined.
   at System.Uri.CreateThis(String uri, Boolean dontEscape, UriKind uriKind)
   at System.Uri..ctor(String uriString)
   at System.Net.WebRequest.Create(String requestUriString)
   at TrimFuel.Business.Gateways.MaxMind.MaxMindGateway.SendFraudScore(Billing billing, Registration registration, Sale sale) in D:\Projects\TrimFuel\TrimFuel\TrimFuel.Business\Gateways\MaxMind\MaxMindGateway.cs:line 23
   at TrimFuel.Business.SaleService.ValidateFraud(Billing billing, Sale sale) in D:\Projects\TrimFuel\TrimFuel\TrimFuel.Business\SaleService.cs:line 449
-------------------------------------------------------------------------
2010-09-08 19:28:03,656 [1] ERROR TrimFuel.Business.BaseService [(null)] - TrimFuel.Business.SaleService
System.UriFormatException: Invalid URI: The format of the URI could not be determined.
   at System.Uri.CreateThis(String uri, Boolean dontEscape, UriKind uriKind)
   at System.Uri..ctor(String uriString)
   at System.Net.WebRequest.Create(String requestUriString)
   at TrimFuel.Business.Gateways.MaxMind.MaxMindGateway.SendFraudScore(Billing billing, Registration registration, Sale sale) in D:\Projects\TrimFuel\TrimFuel\TrimFuel.Business\Gateways\MaxMind\MaxMindGateway.cs:line 23
   at TrimFuel.Business.SaleService.ValidateFraud(Billing billing, Sale sale) in D:\Projects\TrimFuel\TrimFuel\TrimFuel.Business\SaleService.cs:line 449
-------------------------------------------------------------------------
2010-09-08 19:51:46,890 [1] ERROR TrimFuel.Business.BaseService [(null)] - TrimFuel.Business.SaleService
System.Net.WebException: The remote name could not be resolved: 'minfraud1.maxmind.com'
   at System.Net.HttpWebRequest.GetResponse()
   at TrimFuel.Business.Gateways.MaxMind.MaxMindGateway.SendFraudScore(Billing billing, Registration registration, Sale sale) in D:\Projects\TrimFuel\TrimFuel\TrimFuel.Business\Gateways\MaxMind\MaxMindGateway.cs:line 26
   at TrimFuel.Business.SaleService.ValidateFraud(Billing billing, Sale sale) in D:\Projects\TrimFuel\TrimFuel\TrimFuel.Business\SaleService.cs:line 449
-------------------------------------------------------------------------
2010-09-08 19:55:51,203 [5] ERROR TrimFuel.Business.BaseService [(null)] - TrimFuel.Business.SaleService
System.NotImplementedException: The method or operation is not implemented.
   at TrimFuel.Business.Dao.EntityDataProviders.FraudScoreDataProvider.Load(DataRow row) in D:\Projects\TrimFuel\TrimFuel\TrimFuel.Business\Dao\EntityDataProviders\FraudScoreDataProvider.cs:line 58
   at TrimFuel.Business.Dao.EntityDataProviders.EntityDataProvider`1.<Load>b__0(DataRow row) in D:\Projects\TrimFuel\TrimFuel\TrimFuel.Business\Dao\EntityDataProviders\EntityDataProvider.cs:line 27
   at System.Linq.Enumerable.WhereSelectEnumerableIterator`2.MoveNext()
   at System.Collections.Generic.List`1..ctor(IEnumerable`1 collection)
   at System.Linq.Enumerable.ToList[TSource](IEnumerable`1 source)
   at TrimFuel.Business.Dao.EntityDataProviders.EntityDataProvider`1.Load(MySqlCommand selectCommand) in D:\Projects\TrimFuel\TrimFuel\TrimFuel.Business\Dao\EntityDataProviders\EntityDataProvider.cs:line 26
   at TrimFuel.Business.Dao.MySqlDao.Load[TEntity](MySqlCommand selectCommand) in D:\Projects\TrimFuel\TrimFuel\TrimFuel.Business\Dao\MySqlDao.cs:line 54
   at TrimFuel.Business.SaleService.ValidateFraud(Billing billing, Sale sale) in D:\Projects\TrimFuel\TrimFuel\TrimFuel.Business\SaleService.cs:line 443
-------------------------------------------------------------------------
2010-09-08 23:31:25,250 [1] ERROR TrimFuel.Business.BaseService [(null)] - TrimFuel.Business.SaleService
System.Exception: Billing for Sale(62798) was not found
   at TrimFuel.Business.SaleService.ValidateFraud(Int64 saleID) in D:\Projects\TrimFuel\TrimFuel\TrimFuel.Business\SaleService.cs:line 405
-------------------------------------------------------------------------
2010-10-29 19:28:24,562 [1] ERROR TrimFuel.Business.BaseService [(null)] - TrimFuel.Business.InventoryService
System.Exception: Can not find EntityDataProvider for InventoryView
   at TrimFuel.Business.Dao.EntityDataProviders.EntityDataProvider`1.CreateProvider() in D:\Projects\TrimFuel\TrimFuel\TrimFuel.Business\Dao\EntityDataProviders\EntityDataProvider.cs:line 34
   at TrimFuel.Business.Dao.MySqlDao.Load[TEntity](MySqlCommand selectCommand) in D:\Projects\TrimFuel\TrimFuel\TrimFuel.Business\Dao\MySqlDao.cs:line 54
   at TrimFuel.Business.InventoryService.GetInventoryByProductCode(String productCode) in D:\Projects\TrimFuel\TrimFuel\TrimFuel.Business\InventoryService.cs:line 25
-------------------------------------------------------------------------
2010-10-29 19:28:38,062 [1] ERROR TrimFuel.Business.BaseService [(null)] - TrimFuel.Business.ABFService
System.NullReferenceException: Object reference not set to an instance of an object.
   at TrimFuel.Business.ABFService.SendShippingOrder(Registration r, String shipmentControlID, IList`1 saleList) in D:\Projects\TrimFuel\TrimFuel\TrimFuel.Business\ABFService.cs:line 84
-------------------------------------------------------------------------
2010-10-29 19:35:43,125 [1] ERROR TrimFuel.Business.BaseService [(null)] - TrimFuel.Business.ABFService
System.Exception: Can't find Inventories for ProductCode(ABF-KABAS12ct-TMC|ABF-KABDF60ct-TMC), Sale(63182)
   at TrimFuel.Business.ABFService.SendShippingOrder(Registration r, String shipmentControlID, IList`1 saleList) in D:\Projects\TrimFuel\TrimFuel\TrimFuel.Business\ABFService.cs:line 86
-------------------------------------------------------------------------
2010-10-29 22:53:06,078 [1] ERROR TrimFuel.Business.BaseService [(null)] - TrimFuel.Business.ABFService
System.NotImplementedException: The method or operation is not implemented.
   at TrimFuel.Business.Dao.EntityDataProviders.UpsellDataProvider.Load(Object key, IMySqlCommandCreater cmdCreater) in D:\Projects\TrimFuel\TrimFuel\TrimFuel.Business\Dao\EntityDataProviders\UpsellDataProvider.cs:line 52
   at TrimFuel.Business.Dao.MySqlDao.Load[TEntity](Object key) in D:\Projects\TrimFuel\TrimFuel\TrimFuel.Business\Dao\MySqlDao.cs:line 42
   at TrimFuel.Business.BaseService.EnsureLoad[TEntity](Object key) in D:\Projects\TrimFuel\TrimFuel\TrimFuel.Business\BaseService.cs:line 21
   at TrimFuel.Business.ShipperService.OnSalesSent(IList`1 saleList) in D:\Projects\TrimFuel\TrimFuel\TrimFuel.Business\ShipperService.cs:line 374
-------------------------------------------------------------------------
2010-11-01 18:49:36,546 [1] ERROR TrimFuel.Business.BaseService [(null)] - TrimFuel.Business.ABFService
System.NotImplementedException: The method or operation is not implemented.
   at TrimFuel.Business.Dao.EntityDataProviders.UpsellDataProvider.Load(Object key, IMySqlCommandCreater cmdCreater) in D:\Projects\TrimFuel\TrimFuel\TrimFuel.Business\Dao\EntityDataProviders\UpsellDataProvider.cs:line 52
   at TrimFuel.Business.Dao.MySqlDao.Load[TEntity](Object key) in D:\Projects\TrimFuel\TrimFuel\TrimFuel.Business\Dao\MySqlDao.cs:line 42
   at TrimFuel.Business.BaseService.EnsureLoad[TEntity](Object key) in D:\Projects\TrimFuel\TrimFuel\TrimFuel.Business\BaseService.cs:line 21
   at TrimFuel.Business.ShipperService.OnSalesSent(IList`1 saleList) in D:\Projects\TrimFuel\TrimFuel\TrimFuel.Business\ShipperService.cs:line 374
-------------------------------------------------------------------------
2010-11-01 19:19:00,109 [1] ERROR TrimFuel.Business.BaseService [(null)] - TrimFuel.Business.ABFService
System.NotImplementedException: The method or operation is not implemented.
   at TrimFuel.Business.Dao.EntityDataProviders.UpsellDataProvider.Load(Object key, IMySqlCommandCreater cmdCreater) in D:\Projects\TrimFuel\TrimFuel\TrimFuel.Business\Dao\EntityDataProviders\UpsellDataProvider.cs:line 52
   at TrimFuel.Business.Dao.MySqlDao.Load[TEntity](Object key) in D:\Projects\TrimFuel\TrimFuel\TrimFuel.Business\Dao\MySqlDao.cs:line 42
   at TrimFuel.Business.BaseService.EnsureLoad[TEntity](Object key) in D:\Projects\TrimFuel\TrimFuel\TrimFuel.Business\BaseService.cs:line 21
   at TrimFuel.Business.ShipperService.OnSalesSent(IList`1 saleList) in D:\Projects\TrimFuel\TrimFuel\TrimFuel.Business\ShipperService.cs:line 374
-------------------------------------------------------------------------
2010-11-02 16:57:40,078 [6] ERROR TrimFuel.Business.BaseService [(null)] - TrimFuel.Business.ABFService
System.Exception: Can't determine Billing for Sale(63231)
   at TrimFuel.Business.ShipperService.SendSale(Int64 saleID) in D:\Projects\TrimFuel\TrimFuel\TrimFuel.Business\ShipperService.cs:line 96
-------------------------------------------------------------------------
2010-11-02 16:59:10,546 [1] ERROR TrimFuel.Business.BaseService [(null)] - TrimFuel.Business.ABFService
System.Exception: Can't determine Billing for Sale(63232)
   at TrimFuel.Business.ShipperService.SendSale(Int64 saleID) in D:\Projects\TrimFuel\TrimFuel\TrimFuel.Business\ShipperService.cs:line 96
-------------------------------------------------------------------------
2010-11-02 17:06:09,359 [6] ERROR TrimFuel.Business.BaseService [(null)] - TrimFuel.Business.ABFService
System.Exception: Can't determine Billing for Sale(63231)
   at TrimFuel.Business.ShipperService.SendSale(Int64 saleID) in D:\Projects\TrimFuel\TrimFuel\TrimFuel.Business\ShipperService.cs:line 96
-------------------------------------------------------------------------
2010-11-15 17:31:47,234 [1] ERROR TrimFuel.Business.BaseService [(null)] - TrimFuel.Business.ABFService
System.Exception: Can't determine BillingSubscription for Sale(63036)
   at TrimFuel.Business.ShipperService.SendSale(Int64 saleID) in D:\Projects\TrimFuel\TrimFuel\TrimFuel.Business\ShipperService.cs:line 96
-------------------------------------------------------------------------
2010-11-15 20:20:17,265 [5] ERROR TrimFuel.Business.BaseService [(null)] - TrimFuel.Business.ABFService
System.Exception: Can't determine BillingSubscription for Sale(63378)
   at TrimFuel.Business.ShipperService.SendSale(Int64 saleID) in D:\Projects\TrimFuel\TrimFuel\TrimFuel.Business\ShipperService.cs:line 96
-------------------------------------------------------------------------
2010-11-15 20:21:49,406 [1] ERROR TrimFuel.Business.BaseService [(null)] - TrimFuel.Business.ABFService
System.Exception: Can't determine BillingSubscription for Sale(63378)
   at TrimFuel.Business.ShipperService.SendSale(Int64 saleID) in D:\Projects\TrimFuel\TrimFuel\TrimFuel.Business\ShipperService.cs:line 96
-------------------------------------------------------------------------
2010-11-15 20:24:14,734 [5] ERROR TrimFuel.Business.BaseService [(null)] - TrimFuel.Business.ABFService
System.Exception: Can't determine BillingSubscription for Sale(63378)
   at TrimFuel.Business.ShipperService.SendSale(Int64 saleID) in D:\Projects\TrimFuel\TrimFuel\TrimFuel.Business\ShipperService.cs:line 96
-------------------------------------------------------------------------
2010-11-22 22:38:21,437 [5] ERROR TrimFuel.Business.BaseService [(null)] - TrimFuel.Business.KeymailService
System.Exception: Can not find EntityDataProvider for KeymailRecordToSend
   at TrimFuel.Business.Dao.EntityDataProviders.EntityDataProvider`1.CreateProvider() in D:\Projects\TrimFuel\TrimFuel\TrimFuel.Business\Dao\EntityDataProviders\EntityDataProvider.cs:line 34
   at TrimFuel.Business.Dao.MySqlDao.Load[TEntity](MySqlCommand selectCommand) in D:\Projects\TrimFuel\TrimFuel\TrimFuel.Business\Dao\MySqlDao.cs:line 54
   at TrimFuel.Business.KeymailService.SendShippingOrder(Registration r, Billing b, IList`1 saleList) in D:\Projects\TrimFuel\TrimFuel\TrimFuel.Business\KeymailService.cs:line 50
-------------------------------------------------------------------------
2010-11-22 22:40:58,171 [1] ERROR TrimFuel.Business.BaseService [(null)] - TrimFuel.Business.KeymailService
System.ArgumentNullException: Value cannot be null.
Parameter name: stream
   at System.IO.StreamReader..ctor(Stream stream, Encoding encoding, Boolean detectEncodingFromByteOrderMarks, Int32 bufferSize)
   at System.IO.StreamReader..ctor(Stream stream)
   at TrimFuel.Business.Utils.Utility.LoadFromEmbeddedResource(Type type, String resourceName) in D:\Projects\TrimFuel\TrimFuel\TrimFuel.Business\Utils\Utility.cs:line 73
   at TrimFuel.Business.KeymailService.PrepareRequestLine(Registration r, Billing b, String sku1, String sku2, String sku3, String sku4, String sku5, Int64 regId) in D:\Projects\TrimFuel\TrimFuel\TrimFuel.Business\KeymailService.cs:line 100
   at TrimFuel.Business.KeymailService.SendShippingOrder(Registration r, Billing b, IList`1 saleList) in D:\Projects\TrimFuel\TrimFuel\TrimFuel.Business\KeymailService.cs:line 79
-------------------------------------------------------------------------
2010-11-22 22:42:24,468 [1] ERROR TrimFuel.Business.BaseService [(null)] - TrimFuel.Business.KeymailService
MySql.Data.MySqlClient.MySqlException: Fatal error encountered during command execution. ---> MySql.Data.MySqlClient.MySqlException: Parameter '@Response' must be defined.
   at MySql.Data.MySqlClient.Statement.SerializeParameter(MySqlParameterCollection parameters, MySqlPacket packet, String parmName)
   at MySql.Data.MySqlClient.Statement.InternalBindParameters(String sql, MySqlParameterCollection parameters, MySqlPacket packet)
   at MySql.Data.MySqlClient.Statement.BindParameters()
   at MySql.Data.MySqlClient.PreparableStatement.Execute()
   at MySql.Data.MySqlClient.MySqlCommand.ExecuteReader(CommandBehavior behavior)
   --- End of inner exception stack trace ---
   at MySql.Data.MySqlClient.MySqlCommand.ExecuteReader(CommandBehavior behavior)
   at MySql.Data.MySqlClient.MySqlCommand.ExecuteScalar()
   at TrimFuel.Business.Dao.EntityDataProviders.KeymailRecordToSendDataProvider.Save(KeymailRecordToSend entity, IMySqlCommandCreater cmdCreater) in D:\Projects\TrimFuel\TrimFuel\TrimFuel.Business\Dao\EntityDataProviders\KeymailRecordToSendDataProvider.cs:line 38
   at TrimFuel.Business.Dao.MySqlDao.Save[TEntity](TEntity entity) in D:\Projects\TrimFuel\TrimFuel\TrimFuel.Business\Dao\MySqlDao.cs:line 30
   at TrimFuel.Business.KeymailService.OnOrderSent(IList`1 saleList, String apiRequest, Nullable`1 regID) in D:\Projects\TrimFuel\TrimFuel\TrimFuel.Business\KeymailService.cs:line 213
-------------------------------------------------------------------------
2010-11-22 22:48:03,937 [1] ERROR TrimFuel.Business.BaseService [(null)] - TrimFuel.Business.KeymailService
System.ArgumentOutOfRangeException: Index was out of range. Must be non-negative and less than the size of the collection.
Parameter name: index
   at System.ThrowHelper.ThrowArgumentOutOfRangeException(ExceptionArgument argument, ExceptionResource resource)
   at System.ThrowHelper.ThrowArgumentOutOfRangeException()
   at System.Collections.Generic.List`1.get_Item(Int32 index)
   at TrimFuel.Business.KeymailService.SendShippingOrder(Registration r, Billing b, IList`1 saleList) in D:\Projects\TrimFuel\TrimFuel\TrimFuel.Business\KeymailService.cs:line 79
-------------------------------------------------------------------------
2010-11-22 22:56:12,796 [1] ERROR TrimFuel.Business.BaseService [(null)] - TrimFuel.Business.KeymailService
System.ArgumentOutOfRangeException: Index was out of range. Must be non-negative and less than the size of the collection.
Parameter name: index
   at System.ThrowHelper.ThrowArgumentOutOfRangeException(ExceptionArgument argument, ExceptionResource resource)
   at System.ThrowHelper.ThrowArgumentOutOfRangeException()
   at System.Collections.Generic.List`1.get_Item(Int32 index)
   at TrimFuel.Business.KeymailService.SendShippingOrder(Registration r, Billing b, IList`1 saleList) in D:\Projects\TrimFuel\TrimFuel\TrimFuel.Business\KeymailService.cs:line 79
-------------------------------------------------------------------------
2010-11-22 23:18:50,625 [5] ERROR TrimFuel.Business.BaseService [(null)] - TrimFuel.Business.KeymailService
System.Exception: Sale(63497) already exists in Pending Keymail Orders
   at TrimFuel.Business.KeymailService.SendShippingOrder(Registration r, Billing b, IList`1 saleList) in D:\Projects\TrimFuel\TrimFuel\TrimFuel.Business\KeymailService.cs:line 52
-------------------------------------------------------------------------
2010-11-22 23:34:05,640 [5] ERROR TrimFuel.Business.BaseService [(null)] - TrimFuel.Business.KeymailService
System.Exception: Sale(63497) already exists in Pending Keymail Orders
   at TrimFuel.Business.KeymailService.SendShippingOrder(Registration r, Billing b, IList`1 saleList) in D:\Projects\TrimFuel\TrimFuel\TrimFuel.Business\KeymailService.cs:line 51
-------------------------------------------------------------------------
2010-11-24 00:31:58,890 [5] ERROR TrimFuel.Business.BaseService [(null)] - TrimFuel.Business.SaleService
System.Net.WebException: The remote server returned an error: (500) Internal Server Error.
   at System.Net.WebClient.UploadDataInternal(Uri address, String method, Byte[] data, WebRequest& request)
   at System.Net.WebClient.UploadString(Uri address, String method, String data)
   at System.Net.WebClient.UploadString(String address, String method, String data)
   at TrimFuel.Business.Gateways.BadCustomer.BadCustomerGateway.GetResponse(String request) in D:\Projects\TrimFuel\TrimFuel\TrimFuel.Business\Gateways\BadCustomer\BadCustomerGateway.cs:line 17
   at TrimFuel.Business.Gateways.BadCustomer.BadCustomerGateway.ValidateCustomer(Billing billing) in D:\Projects\TrimFuel\TrimFuel\TrimFuel.Business\Gateways\BadCustomer\BadCustomerGateway.cs:line 42
   at TrimFuel.Business.SaleService.ValidateCustomer(Billing billing) in D:\Projects\TrimFuel\TrimFuel\TrimFuel.Business\SaleService.cs:line 273
-------------------------------------------------------------------------
2010-11-24 00:32:02,546 [1] ERROR TrimFuel.Business.BaseService [(null)] - TrimFuel.Business.SaleService
System.Net.WebException: The remote server returned an error: (500) Internal Server Error.
   at System.Net.WebClient.UploadDataInternal(Uri address, String method, Byte[] data, WebRequest& request)
   at System.Net.WebClient.UploadString(Uri address, String method, String data)
   at System.Net.WebClient.UploadString(String address, String method, String data)
   at TrimFuel.Business.Gateways.BadCustomer.BadCustomerGateway.GetResponse(String request) in D:\Projects\TrimFuel\TrimFuel\TrimFuel.Business\Gateways\BadCustomer\BadCustomerGateway.cs:line 17
   at TrimFuel.Business.Gateways.BadCustomer.BadCustomerGateway.ValidateCustomer(Billing billing) in D:\Projects\TrimFuel\TrimFuel\TrimFuel.Business\Gateways\BadCustomer\BadCustomerGateway.cs:line 42
   at TrimFuel.Business.SaleService.ValidateCustomer(Billing billing) in D:\Projects\TrimFuel\TrimFuel\TrimFuel.Business\SaleService.cs:line 273
-------------------------------------------------------------------------
2011-01-31 18:51:50,031 [1] ERROR TrimFuel.Business.BaseService [(null)] - TrimFuel.Business.SaleService
System.Exception: Credit Card Number (EncV10askemsPzqwHJtQKTOTkJmOCzJXrgP5XPWTbcGdqG/P8=) is not valid
   at TrimFuel.Model.Containers.CreditCard..ctor(String creditCard) in D:\Projects\TrimFuel\TrimFuel\TrimFuel.Model\Containers\CreditCard.cs:line 31
   at TrimFuel.Model.Billing.get_CreditCardCnt() in D:\Projects\TrimFuel\TrimFuel\TrimFuel.Model\Billing.cs:line 69
   at TrimFuel.Business.Gateways.MaxMind.MaxMindGateway.PrepareFraudScore(Billing billing, Registration registration, Sale sale) in D:\Projects\TrimFuel\TrimFuel\TrimFuel.Business\Gateways\MaxMind\MaxMindGateway.cs:line 55
   at TrimFuel.Business.Gateways.MaxMind.MaxMindGateway.SendFraudScore(Billing billing, Registration registration, Sale sale) in D:\Projects\TrimFuel\TrimFuel\TrimFuel.Business\Gateways\MaxMind\MaxMindGateway.cs:line 25
   at TrimFuel.Business.SaleService.ValidateFraud(Billing billing, Sale sale) in D:\Projects\TrimFuel\TrimFuel\TrimFuel.Business\SaleService.cs:line 617
-------------------------------------------------------------------------
2011-01-31 18:51:50,421 [1] ERROR TrimFuel.Business.BaseService [(null)] - TrimFuel.Business.SaleService
System.Exception: Credit Card Number (EncV10askemsPzqwHJtQKTOTkJmOCzJXrgP5XPWTbcGdqG/P8=) is not valid
   at TrimFuel.Model.Containers.CreditCard..ctor(String creditCard) in D:\Projects\TrimFuel\TrimFuel\TrimFuel.Model\Containers\CreditCard.cs:line 31
   at TrimFuel.Model.Billing.get_CreditCardCnt() in D:\Projects\TrimFuel\TrimFuel\TrimFuel.Model\Billing.cs:line 69
   at TrimFuel.Business.Gateways.BadCustomer.BadCustomerGateway.PrepareRequest(Billing billing) in D:\Projects\TrimFuel\TrimFuel\TrimFuel.Business\Gateways\BadCustomer\BadCustomerGateway.cs:line 56
   at TrimFuel.Business.Gateways.BadCustomer.BadCustomerGateway.ValidateCustomer(Billing billing) in D:\Projects\TrimFuel\TrimFuel\TrimFuel.Business\Gateways\BadCustomer\BadCustomerGateway.cs:line 41
   at TrimFuel.Business.SaleService.ValidateCustomer(Billing billing) in D:\Projects\TrimFuel\TrimFuel\TrimFuel.Business\SaleService.cs:line 385
-------------------------------------------------------------------------
2011-04-08 15:21:31,546 [6] ERROR TrimFuel.Business.BaseService [(null)] - TrimFuel.Business.SaleService
System.Exception: TrimFuel configuration error. Can't find configuration section.
   at TrimFuel.Business.Config.Load() in D:\Projects\TrimFuel\TrimFuel\TrimFuel.Business\Config.cs:line 81
   at TrimFuel.Business.Config.get_Current() in D:\Projects\TrimFuel\TrimFuel\TrimFuel.Business\Config.cs:line 21
   at TrimFuel.Business.Dao.MySqlDaoFactory.GetConnectionString(DB db) in D:\Projects\TrimFuel\TrimFuel\TrimFuel.Business\Dao\MySqlDaoFactory.cs:line 25
   at TrimFuel.Business.Dao.MySqlDaoFactory.CreateNewDao(DB db) in D:\Projects\TrimFuel\TrimFuel\TrimFuel.Business\Dao\MySqlDaoFactory.cs:line 59
   at TrimFuel.Business.Dao.MySqlDaoFactory.CreateDao(DB db) in D:\Projects\TrimFuel\TrimFuel\TrimFuel.Business\Dao\MySqlDaoFactory.cs:line 50
   at TrimFuel.Business.BaseService..ctor() in D:\Projects\TrimFuel\TrimFuel\TrimFuel.Business\BaseService.cs:line 21
-------------------------------------------------------------------------
2011-04-08 15:21:32,171 [6] ERROR TrimFuel.Business.BaseService [(null)] - TrimFuel.Business.SaleService
System.Exception: TrimFuel configuration error. Can't find configuration section.
   at TrimFuel.Business.Config.Load() in D:\Projects\TrimFuel\TrimFuel\TrimFuel.Business\Config.cs:line 81
   at TrimFuel.Business.Config.get_Current() in D:\Projects\TrimFuel\TrimFuel\TrimFuel.Business\Config.cs:line 21
   at TrimFuel.Business.Dao.MySqlDaoFactory.GetConnectionString(DB db) in D:\Projects\TrimFuel\TrimFuel\TrimFuel.Business\Dao\MySqlDaoFactory.cs:line 25
   at TrimFuel.Business.Dao.MySqlDaoFactory.CreateNewDao(DB db) in D:\Projects\TrimFuel\TrimFuel\TrimFuel.Business\Dao\MySqlDaoFactory.cs:line 59
   at TrimFuel.Business.Dao.MySqlDaoFactory.CreateDao(DB db) in D:\Projects\TrimFuel\TrimFuel\TrimFuel.Business\Dao\MySqlDaoFactory.cs:line 50
   at TrimFuel.Business.BaseService..ctor() in D:\Projects\TrimFuel\TrimFuel\TrimFuel.Business\BaseService.cs:line 21
-------------------------------------------------------------------------
2011-04-08 15:21:32,406 [1] ERROR TrimFuel.Business.BaseService [(null)] - TrimFuel.Business.SaleService
System.Exception: TrimFuel configuration error. Can't find configuration section.
   at TrimFuel.Business.Config.Load() in D:\Projects\TrimFuel\TrimFuel\TrimFuel.Business\Config.cs:line 81
   at TrimFuel.Business.Config.get_Current() in D:\Projects\TrimFuel\TrimFuel\TrimFuel.Business\Config.cs:line 21
   at TrimFuel.Business.Dao.MySqlDaoFactory.GetConnectionString(DB db) in D:\Projects\TrimFuel\TrimFuel\TrimFuel.Business\Dao\MySqlDaoFactory.cs:line 25
   at TrimFuel.Business.Dao.MySqlDaoFactory.CreateNewDao(DB db) in D:\Projects\TrimFuel\TrimFuel\TrimFuel.Business\Dao\MySqlDaoFactory.cs:line 59
   at TrimFuel.Business.Dao.MySqlDaoFactory.CreateDao(DB db) in D:\Projects\TrimFuel\TrimFuel\TrimFuel.Business\Dao\MySqlDaoFactory.cs:line 50
   at TrimFuel.Business.BaseService..ctor() in D:\Projects\TrimFuel\TrimFuel\TrimFuel.Business\BaseService.cs:line 21
-------------------------------------------------------------------------
2011-04-08 21:04:12,812 [1] ERROR TrimFuel.Business.BaseService [(null)] - TrimFuel.Business.SaleService
System.Exception: TrimFuel configuration error. Can't find configuration section.
   at TrimFuel.Business.Config.Load() in D:\Projects\TrimFuel\TrimFuel\TrimFuel.Business\Config.cs:line 81
   at TrimFuel.Business.Config.get_Current() in D:\Projects\TrimFuel\TrimFuel\TrimFuel.Business\Config.cs:line 21
   at TrimFuel.Business.Dao.MySqlDaoFactory.GetConnectionString(DB db) in D:\Projects\TrimFuel\TrimFuel\TrimFuel.Business\Dao\MySqlDaoFactory.cs:line 25
   at TrimFuel.Business.Dao.MySqlDaoFactory.CreateNewDao(DB db) in D:\Projects\TrimFuel\TrimFuel\TrimFuel.Business\Dao\MySqlDaoFactory.cs:line 59
   at TrimFuel.Business.Dao.MySqlDaoFactory.CreateDao(DB db) in D:\Projects\TrimFuel\TrimFuel\TrimFuel.Business\Dao\MySqlDaoFactory.cs:line 50
   at TrimFuel.Business.BaseService..ctor() in D:\Projects\TrimFuel\TrimFuel\TrimFuel.Business\BaseService.cs:line 21
-------------------------------------------------------------------------
2011-04-08 21:21:43,000 [6] ERROR TrimFuel.Business.BaseService [(null)] - TrimFuel.Business.SaleService
System.Exception: TrimFuel configuration error. Can't find configuration section.
   at TrimFuel.Business.Config.Load() in D:\Projects\TrimFuel\TrimFuel\TrimFuel.Business\Config.cs:line 81
   at TrimFuel.Business.Config.get_Current() in D:\Projects\TrimFuel\TrimFuel\TrimFuel.Business\Config.cs:line 21
   at TrimFuel.Business.Dao.MySqlDaoFactory.GetConnectionString(DB db) in D:\Projects\TrimFuel\TrimFuel\TrimFuel.Business\Dao\MySqlDaoFactory.cs:line 25
   at TrimFuel.Business.Dao.MySqlDaoFactory.CreateNewDao(DB db) in D:\Projects\TrimFuel\TrimFuel\TrimFuel.Business\Dao\MySqlDaoFactory.cs:line 59
   at TrimFuel.Business.Dao.MySqlDaoFactory.CreateDao(DB db) in D:\Projects\TrimFuel\TrimFuel\TrimFuel.Business\Dao\MySqlDaoFactory.cs:line 50
   at TrimFuel.Business.BaseService..ctor() in D:\Projects\TrimFuel\TrimFuel\TrimFuel.Business\BaseService.cs:line 21
-------------------------------------------------------------------------
2011-04-12 15:04:47,468 [5] ERROR TrimFuel.Business.BaseService [(null)] - TrimFuel.Business.SaleService
System.Exception: TrimFuel configuration error. Can't find configuration section.
   at TrimFuel.Business.Config.Load() in D:\Projects\TrimFuel\TrimFuel\TrimFuel.Business\Config.cs:line 81
   at TrimFuel.Business.Config.get_Current() in D:\Projects\TrimFuel\TrimFuel\TrimFuel.Business\Config.cs:line 21
   at TrimFuel.Business.Dao.MySqlDaoFactory.GetConnectionString(DB db) in D:\Projects\TrimFuel\TrimFuel\TrimFuel.Business\Dao\MySqlDaoFactory.cs:line 25
   at TrimFuel.Business.Dao.MySqlDaoFactory.CreateNewDao(DB db) in D:\Projects\TrimFuel\TrimFuel\TrimFuel.Business\Dao\MySqlDaoFactory.cs:line 59
   at TrimFuel.Business.Dao.MySqlDaoFactory.CreateDao(DB db) in D:\Projects\TrimFuel\TrimFuel\TrimFuel.Business\Dao\MySqlDaoFactory.cs:line 50
   at TrimFuel.Business.BaseService..ctor() in D:\Projects\TrimFuel\TrimFuel\TrimFuel.Business\BaseService.cs:line 21
-------------------------------------------------------------------------
2011-04-12 15:07:03,031 [5] ERROR TrimFuel.Business.BaseService [(null)] - TrimFuel.Business.SaleService
System.Exception: TrimFuel configuration error. Can't find configuration section.
   at TrimFuel.Business.Config.Load() in D:\Projects\TrimFuel\TrimFuel\TrimFuel.Business\Config.cs:line 81
   at TrimFuel.Business.Config.get_Current() in D:\Projects\TrimFuel\TrimFuel\TrimFuel.Business\Config.cs:line 21
   at TrimFuel.Business.Dao.MySqlDaoFactory.GetConnectionString(DB db) in D:\Projects\TrimFuel\TrimFuel\TrimFuel.Business\Dao\MySqlDaoFactory.cs:line 25
   at TrimFuel.Business.Dao.MySqlDaoFactory.CreateNewDao(DB db) in D:\Projects\TrimFuel\TrimFuel\TrimFuel.Business\Dao\MySqlDaoFactory.cs:line 59
   at TrimFuel.Business.Dao.MySqlDaoFactory.CreateDao(DB db) in D:\Projects\TrimFuel\TrimFuel\TrimFuel.Business\Dao\MySqlDaoFactory.cs:line 50
   at TrimFuel.Business.BaseService..ctor() in D:\Projects\TrimFuel\TrimFuel\TrimFuel.Business\BaseService.cs:line 21
-------------------------------------------------------------------------
2011-04-12 16:37:50,078 [5] ERROR TrimFuel.Business.BaseService [(null)] - TrimFuel.Business.SaleService
System.Exception: TrimFuel configuration error. Can't find configuration section.
   at TrimFuel.Business.Config.Load() in D:\Projects\TrimFuel\TrimFuel\TrimFuel.Business\Config.cs:line 81
   at TrimFuel.Business.Config.get_Current() in D:\Projects\TrimFuel\TrimFuel\TrimFuel.Business\Config.cs:line 21
   at TrimFuel.Business.Dao.MySqlDaoFactory.GetConnectionString(DB db) in D:\Projects\TrimFuel\TrimFuel\TrimFuel.Business\Dao\MySqlDaoFactory.cs:line 25
   at TrimFuel.Business.Dao.MySqlDaoFactory.CreateNewDao(DB db) in D:\Projects\TrimFuel\TrimFuel\TrimFuel.Business\Dao\MySqlDaoFactory.cs:line 59
   at TrimFuel.Business.Dao.MySqlDaoFactory.CreateDao(DB db) in D:\Projects\TrimFuel\TrimFuel\TrimFuel.Business\Dao\MySqlDaoFactory.cs:line 50
   at TrimFuel.Business.BaseService..ctor() in D:\Projects\TrimFuel\TrimFuel\TrimFuel.Business\BaseService.cs:line 21
-------------------------------------------------------------------------
2011-04-12 16:41:17,187 [1] ERROR TrimFuel.Business.BaseService [(null)] - TrimFuel.Business.SaleService
System.Exception: TrimFuel configuration error. Can't find configuration section.
   at TrimFuel.Business.Config.Load() in D:\Projects\TrimFuel\TrimFuel\TrimFuel.Business\Config.cs:line 81
   at TrimFuel.Business.Config.get_Current() in D:\Projects\TrimFuel\TrimFuel\TrimFuel.Business\Config.cs:line 21
   at TrimFuel.Business.Dao.MySqlDaoFactory.GetConnectionString(DB db) in D:\Projects\TrimFuel\TrimFuel\TrimFuel.Business\Dao\MySqlDaoFactory.cs:line 25
   at TrimFuel.Business.Dao.MySqlDaoFactory.CreateNewDao(DB db) in D:\Projects\TrimFuel\TrimFuel\TrimFuel.Business\Dao\MySqlDaoFactory.cs:line 59
   at TrimFuel.Business.Dao.MySqlDaoFactory.CreateDao(DB db) in D:\Projects\TrimFuel\TrimFuel\TrimFuel.Business\Dao\MySqlDaoFactory.cs:line 50
   at TrimFuel.Business.BaseService..ctor() in D:\Projects\TrimFuel\TrimFuel\TrimFuel.Business\BaseService.cs:line 21
-------------------------------------------------------------------------
2011-04-12 16:58:51,109 [1] ERROR TrimFuel.Business.BaseService [(null)] - TrimFuel.Business.SaleService
System.Exception: TrimFuel configuration error. Can't find configuration section.
   at TrimFuel.Business.Config.Load() in D:\Projects\TrimFuel\TrimFuel\TrimFuel.Business\Config.cs:line 81
   at TrimFuel.Business.Config.get_Current() in D:\Projects\TrimFuel\TrimFuel\TrimFuel.Business\Config.cs:line 21
   at TrimFuel.Business.Dao.MySqlDaoFactory.GetConnectionString(DB db) in D:\Projects\TrimFuel\TrimFuel\TrimFuel.Business\Dao\MySqlDaoFactory.cs:line 25
   at TrimFuel.Business.Dao.MySqlDaoFactory.CreateNewDao(DB db) in D:\Projects\TrimFuel\TrimFuel\TrimFuel.Business\Dao\MySqlDaoFactory.cs:line 59
   at TrimFuel.Business.Dao.MySqlDaoFactory.CreateDao(DB db) in D:\Projects\TrimFuel\TrimFuel\TrimFuel.Business\Dao\MySqlDaoFactory.cs:line 50
   at TrimFuel.Business.BaseService..ctor() in D:\Projects\TrimFuel\TrimFuel\TrimFuel.Business\BaseService.cs:line 21
-------------------------------------------------------------------------
2011-04-12 16:59:07,578 [5] ERROR TrimFuel.Business.BaseService [(null)] - TrimFuel.Business.SaleService
System.Exception: TrimFuel configuration error. Can't find configuration section.
   at TrimFuel.Business.Config.Load() in D:\Projects\TrimFuel\TrimFuel\TrimFuel.Business\Config.cs:line 81
   at TrimFuel.Business.Config.get_Current() in D:\Projects\TrimFuel\TrimFuel\TrimFuel.Business\Config.cs:line 21
   at TrimFuel.Business.Dao.MySqlDaoFactory.GetConnectionString(DB db) in D:\Projects\TrimFuel\TrimFuel\TrimFuel.Business\Dao\MySqlDaoFactory.cs:line 25
   at TrimFuel.Business.Dao.MySqlDaoFactory.CreateNewDao(DB db) in D:\Projects\TrimFuel\TrimFuel\TrimFuel.Business\Dao\MySqlDaoFactory.cs:line 59
   at TrimFuel.Business.Dao.MySqlDaoFactory.CreateDao(DB db) in D:\Projects\TrimFuel\TrimFuel\TrimFuel.Business\Dao\MySqlDaoFactory.cs:line 50
   at TrimFuel.Business.BaseService..ctor() in D:\Projects\TrimFuel\TrimFuel\TrimFuel.Business\BaseService.cs:line 21
-------------------------------------------------------------------------
2011-04-12 16:59:17,890 [1] ERROR TrimFuel.Business.BaseService [(null)] - TrimFuel.Business.SaleService
System.Exception: TrimFuel configuration error. Can't find configuration section.
   at TrimFuel.Business.Config.Load() in D:\Projects\TrimFuel\TrimFuel\TrimFuel.Business\Config.cs:line 81
   at TrimFuel.Business.Config.get_Current() in D:\Projects\TrimFuel\TrimFuel\TrimFuel.Business\Config.cs:line 21
   at TrimFuel.Business.Dao.MySqlDaoFactory.GetConnectionString(DB db) in D:\Projects\TrimFuel\TrimFuel\TrimFuel.Business\Dao\MySqlDaoFactory.cs:line 25
   at TrimFuel.Business.Dao.MySqlDaoFactory.CreateNewDao(DB db) in D:\Projects\TrimFuel\TrimFuel\TrimFuel.Business\Dao\MySqlDaoFactory.cs:line 59
   at TrimFuel.Business.Dao.MySqlDaoFactory.CreateDao(DB db) in D:\Projects\TrimFuel\TrimFuel\TrimFuel.Business\Dao\MySqlDaoFactory.cs:line 50
   at TrimFuel.Business.BaseService..ctor() in D:\Projects\TrimFuel\TrimFuel\TrimFuel.Business\BaseService.cs:line 21
-------------------------------------------------------------------------
2011-04-12 17:00:06,406 [1] ERROR TrimFuel.Business.BaseService [(null)] - TrimFuel.Business.SaleService
System.Exception: TrimFuel configuration error. Can't find configuration section.
   at TrimFuel.Business.Config.Load() in D:\Projects\TrimFuel\TrimFuel\TrimFuel.Business\Config.cs:line 81
   at TrimFuel.Business.Config.get_Current() in D:\Projects\TrimFuel\TrimFuel\TrimFuel.Business\Config.cs:line 21
   at TrimFuel.Business.Dao.MySqlDaoFactory.GetConnectionString(DB db) in D:\Projects\TrimFuel\TrimFuel\TrimFuel.Business\Dao\MySqlDaoFactory.cs:line 25
   at TrimFuel.Business.Dao.MySqlDaoFactory.CreateNewDao(DB db) in D:\Projects\TrimFuel\TrimFuel\TrimFuel.Business\Dao\MySqlDaoFactory.cs:line 59
   at TrimFuel.Business.Dao.MySqlDaoFactory.CreateDao(DB db) in D:\Projects\TrimFuel\TrimFuel\TrimFuel.Business\Dao\MySqlDaoFactory.cs:line 50
   at TrimFuel.Business.BaseService..ctor() in D:\Projects\TrimFuel\TrimFuel\TrimFuel.Business\BaseService.cs:line 21
-------------------------------------------------------------------------
2011-04-12 17:38:56,671 [1] ERROR TrimFuel.Business.BaseService [(null)] - TrimFuel.Business.SaleService
System.Exception: TrimFuel configuration error. Can't find configuration section.
   at TrimFuel.Business.Config.Load() in D:\Projects\TrimFuel\TrimFuel\TrimFuel.Business\Config.cs:line 81
   at TrimFuel.Business.Config.get_Current() in D:\Projects\TrimFuel\TrimFuel\TrimFuel.Business\Config.cs:line 21
   at TrimFuel.Business.Dao.MySqlDaoFactory.GetConnectionString(DB db) in D:\Projects\TrimFuel\TrimFuel\TrimFuel.Business\Dao\MySqlDaoFactory.cs:line 25
   at TrimFuel.Business.Dao.MySqlDaoFactory.CreateNewDao(DB db) in D:\Projects\TrimFuel\TrimFuel\TrimFuel.Business\Dao\MySqlDaoFactory.cs:line 59
   at TrimFuel.Business.Dao.MySqlDaoFactory.CreateDao(DB db) in D:\Projects\TrimFuel\TrimFuel\TrimFuel.Business\Dao\MySqlDaoFactory.cs:line 50
   at TrimFuel.Business.BaseService..ctor() in D:\Projects\TrimFuel\TrimFuel\TrimFuel.Business\BaseService.cs:line 21
-------------------------------------------------------------------------
2011-04-19 14:31:31,765 [1] ERROR TrimFuel.Business.BaseService [(null)] - TrimFuel.Business.SaleService
System.Exception: TrimFuel configuration error. Can't find configuration section.
   at TrimFuel.Business.Config.Load() in D:\Projects\TrimFuel\TrimFuel\TrimFuel.Business\Config.cs:line 81
   at TrimFuel.Business.Config.get_Current() in D:\Projects\TrimFuel\TrimFuel\TrimFuel.Business\Config.cs:line 21
   at TrimFuel.Business.Dao.MySqlDaoFactory.GetConnectionString(DB db) in D:\Projects\TrimFuel\TrimFuel\TrimFuel.Business\Dao\MySqlDaoFactory.cs:line 25
   at TrimFuel.Business.Dao.MySqlDaoFactory.CreateNewDao(DB db) in D:\Projects\TrimFuel\TrimFuel\TrimFuel.Business\Dao\MySqlDaoFactory.cs:line 59
   at TrimFuel.Business.Dao.MySqlDaoFactory.CreateDao(DB db) in D:\Projects\TrimFuel\TrimFuel\TrimFuel.Business\Dao\MySqlDaoFactory.cs:line 50
   at TrimFuel.Business.BaseService..ctor() in D:\Projects\TrimFuel\TrimFuel\TrimFuel.Business\BaseService.cs:line 21
-------------------------------------------------------------------------
2011-04-19 14:31:48,625 [1] ERROR TrimFuel.Business.BaseService [(null)] - TrimFuel.Business.SaleService
System.Exception: TrimFuel configuration error. Can't find configuration section.
   at TrimFuel.Business.Config.Load() in D:\Projects\TrimFuel\TrimFuel\TrimFuel.Business\Config.cs:line 81
   at TrimFuel.Business.Config.get_Current() in D:\Projects\TrimFuel\TrimFuel\TrimFuel.Business\Config.cs:line 21
   at TrimFuel.Business.Dao.MySqlDaoFactory.GetConnectionString(DB db) in D:\Projects\TrimFuel\TrimFuel\TrimFuel.Business\Dao\MySqlDaoFactory.cs:line 25
   at TrimFuel.Business.Dao.MySqlDaoFactory.CreateNewDao(DB db) in D:\Projects\TrimFuel\TrimFuel\TrimFuel.Business\Dao\MySqlDaoFactory.cs:line 59
   at TrimFuel.Business.Dao.MySqlDaoFactory.CreateDao(DB db) in D:\Projects\TrimFuel\TrimFuel\TrimFuel.Business\Dao\MySqlDaoFactory.cs:line 50
   at TrimFuel.Business.BaseService..ctor() in D:\Projects\TrimFuel\TrimFuel\TrimFuel.Business\BaseService.cs:line 21
-------------------------------------------------------------------------
2011-04-19 14:33:42,031 [1] ERROR TrimFuel.Business.BaseService [(null)] - TrimFuel.Business.SaleService
System.Exception: TrimFuel configuration error. Can't find configuration section.
   at TrimFuel.Business.Config.Load() in D:\Projects\TrimFuel\TrimFuel\TrimFuel.Business\Config.cs:line 81
   at TrimFuel.Business.Config.get_Current() in D:\Projects\TrimFuel\TrimFuel\TrimFuel.Business\Config.cs:line 21
   at TrimFuel.Business.Dao.MySqlDaoFactory.GetConnectionString(DB db) in D:\Projects\TrimFuel\TrimFuel\TrimFuel.Business\Dao\MySqlDaoFactory.cs:line 25
   at TrimFuel.Business.Dao.MySqlDaoFactory.CreateNewDao(DB db) in D:\Projects\TrimFuel\TrimFuel\TrimFuel.Business\Dao\MySqlDaoFactory.cs:line 59
   at TrimFuel.Business.Dao.MySqlDaoFactory.CreateDao(DB db) in D:\Projects\TrimFuel\TrimFuel\TrimFuel.Business\Dao\MySqlDaoFactory.cs:line 50
   at TrimFuel.Business.BaseService..ctor() in D:\Projects\TrimFuel\TrimFuel\TrimFuel.Business\BaseService.cs:line 21
-------------------------------------------------------------------------
2011-04-19 14:42:54,609 [5] ERROR TrimFuel.Business.BaseService [(null)] - TrimFuel.Business.SaleService
System.Exception: TrimFuel configuration error. Can't find configuration section.
   at TrimFuel.Business.Config.Load() in D:\Projects\TrimFuel\TrimFuel\TrimFuel.Business\Config.cs:line 81
   at TrimFuel.Business.Config.get_Current() in D:\Projects\TrimFuel\TrimFuel\TrimFuel.Business\Config.cs:line 21
   at TrimFuel.Business.Dao.MySqlDaoFactory.GetConnectionString(DB db) in D:\Projects\TrimFuel\TrimFuel\TrimFuel.Business\Dao\MySqlDaoFactory.cs:line 25
   at TrimFuel.Business.Dao.MySqlDaoFactory.CreateNewDao(DB db) in D:\Projects\TrimFuel\TrimFuel\TrimFuel.Business\Dao\MySqlDaoFactory.cs:line 59
   at TrimFuel.Business.Dao.MySqlDaoFactory.CreateDao(DB db) in D:\Projects\TrimFuel\TrimFuel\TrimFuel.Business\Dao\MySqlDaoFactory.cs:line 50
   at TrimFuel.Business.BaseService..ctor() in D:\Projects\TrimFuel\TrimFuel\TrimFuel.Business\BaseService.cs:line 21
-------------------------------------------------------------------------
2011-04-19 14:45:46,578 [1] ERROR TrimFuel.Business.BaseService [(null)] - TrimFuel.Business.SaleService
System.Exception: TrimFuel configuration error. Can't find configuration section.
   at TrimFuel.Business.Config.Load() in D:\Projects\TrimFuel\TrimFuel\TrimFuel.Business\Config.cs:line 81
   at TrimFuel.Business.Config.get_Current() in D:\Projects\TrimFuel\TrimFuel\TrimFuel.Business\Config.cs:line 21
   at TrimFuel.Business.Dao.MySqlDaoFactory.GetConnectionString(DB db) in D:\Projects\TrimFuel\TrimFuel\TrimFuel.Business\Dao\MySqlDaoFactory.cs:line 25
   at TrimFuel.Business.Dao.MySqlDaoFactory.CreateNewDao(DB db) in D:\Projects\TrimFuel\TrimFuel\TrimFuel.Business\Dao\MySqlDaoFactory.cs:line 59
   at TrimFuel.Business.Dao.MySqlDaoFactory.CreateDao(DB db) in D:\Projects\TrimFuel\TrimFuel\TrimFuel.Business\Dao\MySqlDaoFactory.cs:line 50
   at TrimFuel.Business.BaseService..ctor() in D:\Projects\TrimFuel\TrimFuel\TrimFuel.Business\BaseService.cs:line 21
-------------------------------------------------------------------------
2011-04-29 18:25:14,546 [5] ERROR TrimFuel.Business.BaseService [(null)] - TrimFuel.Business.SaleService
System.Exception: TrimFuel configuration error. Can't find configuration section.
   at TrimFuel.Business.Config.Load() in D:\Projects\TrimFuel\TrimFuel\TrimFuel.Business\Config.cs:line 81
   at TrimFuel.Business.Config.get_Current() in D:\Projects\TrimFuel\TrimFuel\TrimFuel.Business\Config.cs:line 21
   at TrimFuel.Business.Dao.MySqlDaoFactory.GetConnectionString(DB db) in D:\Projects\TrimFuel\TrimFuel\TrimFuel.Business\Dao\MySqlDaoFactory.cs:line 25
   at TrimFuel.Business.Dao.MySqlDaoFactory.CreateNewDao(DB db) in D:\Projects\TrimFuel\TrimFuel\TrimFuel.Business\Dao\MySqlDaoFactory.cs:line 59
   at TrimFuel.Business.Dao.MySqlDaoFactory.CreateDao(DB db) in D:\Projects\TrimFuel\TrimFuel\TrimFuel.Business\Dao\MySqlDaoFactory.cs:line 50
   at TrimFuel.Business.BaseService..ctor() in D:\Projects\TrimFuel\TrimFuel\TrimFuel.Business\BaseService.cs:line 21
-------------------------------------------------------------------------
2011-04-29 18:26:44,593 [1] ERROR TrimFuel.Business.BaseService [(null)] - TrimFuel.Business.SaleService
System.Exception: TrimFuel configuration error. Can't find configuration section.
   at TrimFuel.Business.Config.Load() in D:\Projects\TrimFuel\TrimFuel\TrimFuel.Business\Config.cs:line 81
   at TrimFuel.Business.Config.get_Current() in D:\Projects\TrimFuel\TrimFuel\TrimFuel.Business\Config.cs:line 21
   at TrimFuel.Business.Dao.MySqlDaoFactory.GetConnectionString(DB db) in D:\Projects\TrimFuel\TrimFuel\TrimFuel.Business\Dao\MySqlDaoFactory.cs:line 25
   at TrimFuel.Business.Dao.MySqlDaoFactory.CreateNewDao(DB db) in D:\Projects\TrimFuel\TrimFuel\TrimFuel.Business\Dao\MySqlDaoFactory.cs:line 59
   at TrimFuel.Business.Dao.MySqlDaoFactory.CreateDao(DB db) in D:\Projects\TrimFuel\TrimFuel\TrimFuel.Business\Dao\MySqlDaoFactory.cs:line 50
   at TrimFuel.Business.BaseService..ctor() in D:\Projects\TrimFuel\TrimFuel\TrimFuel.Business\BaseService.cs:line 21
-------------------------------------------------------------------------
2011-04-29 18:30:34,234 [1] ERROR TrimFuel.Business.BaseService [(null)] - TrimFuel.Business.ABFService
System.Exception: TrimFuel configuration error. Can't find configuration section.
   at TrimFuel.Business.Config.Load() in D:\Projects\TrimFuel\TrimFuel\TrimFuel.Business\Config.cs:line 81
   at TrimFuel.Business.Config.get_Current() in D:\Projects\TrimFuel\TrimFuel\TrimFuel.Business\Config.cs:line 21
   at TrimFuel.Business.Dao.MySqlDaoFactory.GetConnectionString(DB db) in D:\Projects\TrimFuel\TrimFuel\TrimFuel.Business\Dao\MySqlDaoFactory.cs:line 25
   at TrimFuel.Business.Dao.MySqlDaoFactory.CreateNewDao(DB db) in D:\Projects\TrimFuel\TrimFuel\TrimFuel.Business\Dao\MySqlDaoFactory.cs:line 59
   at TrimFuel.Business.Dao.MySqlDaoFactory.CreateDao(DB db) in D:\Projects\TrimFuel\TrimFuel\TrimFuel.Business\Dao\MySqlDaoFactory.cs:line 50
   at TrimFuel.Business.BaseService..ctor() in D:\Projects\TrimFuel\TrimFuel\TrimFuel.Business\BaseService.cs:line 21
